Using device: mps
======================================================================
Training model: MLP
======================================================================
Total trainable parameters: 795,010
Starting strategy: constant
constant | Epoch 1 | Train Loss: 0.5248 | Train Acc: 86.8683% | Test Loss: 0.2929 | Test Acc: 91.7100% | LR: 0.010000 | Time: 6.79s
constant | Epoch 2 | Train Loss: 0.2776 | Train Acc: 92.1017% | Test Loss: 0.2373 | Test Acc: 93.1600% | LR: 0.010000 | Time: 6.46s
constant | Epoch 3 | Train Loss: 0.2298 | Train Acc: 93.5817% | Test Loss: 0.2041 | Test Acc: 94.2400% | LR: 0.010000 | Time: 6.52s
constant | Epoch 4 | Train Loss: 0.1977 | Train Acc: 94.4417% | Test Loss: 0.1828 | Test Acc: 94.6100% | LR: 0.010000 | Time: 6.53s
constant | Epoch 5 | Train Loss: 0.1735 | Train Acc: 95.1600% | Test Loss: 0.1604 | Test Acc: 95.3500% | LR: 0.010000 | Time: 6.70s
constant | Epoch 6 | Train Loss: 0.1545 | Train Acc: 95.6850% | Test Loss: 0.1457 | Test Acc: 95.7200% | LR: 0.010000 | Time: 6.64s
constant | Epoch 7 | Train Loss: 0.1390 | Train Acc: 96.1583% | Test Loss: 0.1351 | Test Acc: 96.1200% | LR: 0.010000 | Time: 6.61s
constant | Epoch 8 | Train Loss: 0.1265 | Train Acc: 96.4717% | Test Loss: 0.1249 | Test Acc: 96.4300% | LR: 0.010000 | Time: 6.57s
constant | Epoch 9 | Train Loss: 0.1159 | Train Acc: 96.8317% | Test Loss: 0.1174 | Test Acc: 96.6800% | LR: 0.010000 | Time: 6.59s
constant | Epoch 10 | Train Loss: 0.1070 | Train Acc: 97.0433% | Test Loss: 0.1113 | Test Acc: 96.7900% | LR: 0.010000 | Time: 6.57s
constant | Epoch 11 | Train Loss: 0.0991 | Train Acc: 97.2967% | Test Loss: 0.1077 | Test Acc: 96.8800% | LR: 0.010000 | Time: 6.61s
constant | Epoch 12 | Train Loss: 0.0926 | Train Acc: 97.4883% | Test Loss: 0.1002 | Test Acc: 97.0600% | LR: 0.010000 | Time: 6.56s
constant | Epoch 13 | Train Loss: 0.0864 | Train Acc: 97.6550% | Test Loss: 0.0959 | Test Acc: 97.1800% | LR: 0.010000 | Time: 6.56s
constant | Epoch 14 | Train Loss: 0.0809 | Train Acc: 97.8183% | Test Loss: 0.0928 | Test Acc: 97.2200% | LR: 0.010000 | Time: 6.65s
constant | Epoch 15 | Train Loss: 0.0759 | Train Acc: 98.0067% | Test Loss: 0.0895 | Test Acc: 97.2800% | LR: 0.010000 | Time: 6.67s
Starting strategy: momentum
momentum | Epoch 1 | Train Loss: 0.2450 | Train Acc: 92.8417% | Test Loss: 0.1205 | Test Acc: 96.2400% | LR: 0.010000 | Time: 7.01s
momentum | Epoch 2 | Train Loss: 0.0963 | Train Acc: 97.2183% | Test Loss: 0.0849 | Test Acc: 97.3600% | LR: 0.010000 | Time: 7.00s
momentum | Epoch 3 | Train Loss: 0.0636 | Train Acc: 98.1517% | Test Loss: 0.0721 | Test Acc: 97.6200% | LR: 0.010000 | Time: 7.01s
momentum | Epoch 4 | Train Loss: 0.0442 | Train Acc: 98.7217% | Test Loss: 0.0661 | Test Acc: 97.8900% | LR: 0.010000 | Time: 7.03s
momentum | Epoch 5 | Train Loss: 0.0323 | Train Acc: 99.1100% | Test Loss: 0.0609 | Test Acc: 98.0500% | LR: 0.010000 | Time: 7.03s
momentum | Epoch 6 | Train Loss: 0.0239 | Train Acc: 99.4200% | Test Loss: 0.0612 | Test Acc: 98.0100% | LR: 0.010000 | Time: 7.01s
momentum | Epoch 7 | Train Loss: 0.0168 | Train Acc: 99.6767% | Test Loss: 0.0598 | Test Acc: 97.9900% | LR: 0.010000 | Time: 7.01s
momentum | Epoch 8 | Train Loss: 0.0127 | Train Acc: 99.8067% | Test Loss: 0.0549 | Test Acc: 98.2800% | LR: 0.010000 | Time: 7.15s
momentum | Epoch 9 | Train Loss: 0.0098 | Train Acc: 99.8833% | Test Loss: 0.0595 | Test Acc: 98.1900% | LR: 0.010000 | Time: 7.02s
momentum | Epoch 10 | Train Loss: 0.0077 | Train Acc: 99.9267% | Test Loss: 0.0564 | Test Acc: 98.2000% | LR: 0.010000 | Time: 7.04s
momentum | Epoch 11 | Train Loss: 0.0061 | Train Acc: 99.9450% | Test Loss: 0.0575 | Test Acc: 98.2200% | LR: 0.010000 | Time: 7.01s
momentum | Epoch 12 | Train Loss: 0.0049 | Train Acc: 99.9783% | Test Loss: 0.0559 | Test Acc: 98.2300% | LR: 0.010000 | Time: 7.03s
momentum | Epoch 13 | Train Loss: 0.0041 | Train Acc: 99.9783% | Test Loss: 0.0585 | Test Acc: 98.2900% | LR: 0.010000 | Time: 6.99s
momentum | Epoch 14 | Train Loss: 0.0035 | Train Acc: 99.9900% | Test Loss: 0.0575 | Test Acc: 98.2600% | LR: 0.010000 | Time: 7.03s
momentum | Epoch 15 | Train Loss: 0.0030 | Train Acc: 99.9933% | Test Loss: 0.0565 | Test Acc: 98.3200% | LR: 0.010000 | Time: 7.00s
Starting strategy: decay
decay | Epoch 1 | Train Loss: 0.5210 | Train Acc: 87.1083% | Test Loss: 0.2935 | Test Acc: 91.7700% | LR: 0.010000 | Time: 6.60s
decay | Epoch 2 | Train Loss: 0.2796 | Train Acc: 91.9850% | Test Loss: 0.2385 | Test Acc: 93.2100% | LR: 0.010000 | Time: 6.71s
decay | Epoch 3 | Train Loss: 0.2316 | Train Acc: 93.4900% | Test Loss: 0.2051 | Test Acc: 94.1100% | LR: 0.010000 | Time: 6.62s
decay | Epoch 4 | Train Loss: 0.1991 | Train Acc: 94.3817% | Test Loss: 0.1836 | Test Acc: 94.5800% | LR: 0.010000 | Time: 6.58s
decay | Epoch 5 | Train Loss: 0.1746 | Train Acc: 95.1483% | Test Loss: 0.1611 | Test Acc: 95.3000% | LR: 0.010000 | Time: 6.59s
decay | Epoch 6 | Train Loss: 0.1553 | Train Acc: 95.7017% | Test Loss: 0.1464 | Test Acc: 95.6900% | LR: 0.010000 | Time: 6.61s
decay | Epoch 7 | Train Loss: 0.1396 | Train Acc: 96.0833% | Test Loss: 0.1360 | Test Acc: 95.9500% | LR: 0.010000 | Time: 6.60s
decay | Epoch 8 | Train Loss: 0.1271 | Train Acc: 96.4500% | Test Loss: 0.1250 | Test Acc: 96.3600% | LR: 0.010000 | Time: 6.58s
decay | Epoch 9 | Train Loss: 0.1164 | Train Acc: 96.8017% | Test Loss: 0.1170 | Test Acc: 96.5800% | LR: 0.010000 | Time: 6.62s
decay | Epoch 10 | Train Loss: 0.1073 | Train Acc: 97.0283% | Test Loss: 0.1114 | Test Acc: 96.6700% | LR: 0.010000 | Time: 6.59s
decay | Epoch 11 | Train Loss: 0.0995 | Train Acc: 97.3417% | Test Loss: 0.1075 | Test Acc: 96.7500% | LR: 0.005000 | Time: 6.72s
decay | Epoch 12 | Train Loss: 0.0960 | Train Acc: 97.3933% | Test Loss: 0.1037 | Test Acc: 96.8700% | LR: 0.005000 | Time: 6.59s
decay | Epoch 13 | Train Loss: 0.0925 | Train Acc: 97.4733% | Test Loss: 0.1012 | Test Acc: 96.9500% | LR: 0.005000 | Time: 6.60s
decay | Epoch 14 | Train Loss: 0.0892 | Train Acc: 97.6150% | Test Loss: 0.0993 | Test Acc: 96.8500% | LR: 0.005000 | Time: 6.60s
decay | Epoch 15 | Train Loss: 0.0862 | Train Acc: 97.7083% | Test Loss: 0.0975 | Test Acc: 97.0000% | LR: 0.005000 | Time: 6.75s
Starting strategy: armijo
armijo | Epoch 1 | Train Loss: 0.1999 | Train Acc: 98.8383% | Test Loss: 0.1178 | Test Acc: 96.4500% | LR: 0.401629 | Time: 9.11s
armijo | Epoch 2 | Train Loss: 0.0787 | Train Acc: 99.8800% | Test Loss: 0.0774 | Test Acc: 97.2900% | LR: 0.374723 | Time: 9.05s
armijo | Epoch 3 | Train Loss: 0.0440 | Train Acc: 99.9650% | Test Loss: 0.0765 | Test Acc: 97.5400% | LR: 0.349619 | Time: 9.13s
armijo | Epoch 4 | Train Loss: 0.0257 | Train Acc: 99.9933% | Test Loss: 0.0665 | Test Acc: 97.9900% | LR: 0.214018 | Time: 9.23s
armijo | Epoch 5 | Train Loss: 0.0118 | Train Acc: 99.9967% | Test Loss: 0.0581 | Test Acc: 98.3100% | LR: 0.246519 | Time: 9.09s
armijo | Epoch 6 | Train Loss: 0.0077 | Train Acc: 99.9983% | Test Loss: 0.0617 | Test Acc: 98.2700% | LR: 0.207003 | Time: 9.16s
armijo | Epoch 7 | Train Loss: 0.0044 | Train Acc: 100.0000% | Test Loss: 0.0589 | Test Acc: 98.3600% | LR: 0.294369 | Time: 9.09s
armijo | Epoch 8 | Train Loss: 0.0026 | Train Acc: 100.0000% | Test Loss: 0.0552 | Test Acc: 98.5800% | LR: 0.376746 | Time: 9.15s
armijo | Epoch 9 | Train Loss: 0.0016 | Train Acc: 100.0000% | Test Loss: 0.0577 | Test Acc: 98.4700% | LR: 0.390563 | Time: 9.30s
armijo | Epoch 10 | Train Loss: 0.0015 | Train Acc: 100.0000% | Test Loss: 0.0572 | Test Acc: 98.5500% | LR: 0.364398 | Time: 9.36s
armijo | Epoch 11 | Train Loss: 0.0008 | Train Acc: 100.0000% | Test Loss: 0.0597 | Test Acc: 98.5800% | LR: 0.466373 | Time: 9.37s
armijo | Epoch 12 | Train Loss: 0.0007 | Train Acc: 100.0000% | Test Loss: 0.0584 | Test Acc: 98.5500% | LR: 0.537197 | Time: 9.32s
armijo | Epoch 13 | Train Loss: 0.0005 | Train Acc: 100.0000% | Test Loss: 0.0623 | Test Acc: 98.4800% | LR: 0.556899 | Time: 9.37s
armijo | Epoch 14 | Train Loss: 0.0005 | Train Acc: 100.0000% | Test Loss: 0.0606 | Test Acc: 98.5600% | LR: 0.420868 | Time: 9.33s
armijo | Epoch 15 | Train Loss: 0.0004 | Train Acc: 100.0000% | Test Loss: 0.0612 | Test Acc: 98.5700% | LR: 1.126175 | Time: 9.32s
Plots generated for MLP
======================================================================
Training model: DeepMLP
======================================================================
Total trainable parameters: 4,364,554
Starting strategy: constant
constant | Epoch 1 | Train Loss: 1.3189 | Train Acc: 67.9367% | Test Loss: 0.4062 | Test Acc: 87.7900% | LR: 0.010000 | Time: 9.03s
constant | Epoch 2 | Train Loss: 0.3350 | Train Acc: 90.2533% | Test Loss: 0.2595 | Test Acc: 91.9700% | LR: 0.010000 | Time: 9.07s
constant | Epoch 3 | Train Loss: 0.2386 | Train Acc: 93.0483% | Test Loss: 0.1989 | Test Acc: 94.0200% | LR: 0.010000 | Time: 8.95s
constant | Epoch 4 | Train Loss: 0.1838 | Train Acc: 94.6517% | Test Loss: 0.1675 | Test Acc: 94.8800% | LR: 0.010000 | Time: 9.19s
constant | Epoch 5 | Train Loss: 0.1470 | Train Acc: 95.7183% | Test Loss: 0.1348 | Test Acc: 95.8200% | LR: 0.010000 | Time: 8.99s
constant | Epoch 6 | Train Loss: 0.1221 | Train Acc: 96.4533% | Test Loss: 0.1215 | Test Acc: 96.3000% | LR: 0.010000 | Time: 8.86s
constant | Epoch 7 | Train Loss: 0.1028 | Train Acc: 97.0533% | Test Loss: 0.1052 | Test Acc: 96.7400% | LR: 0.010000 | Time: 9.02s
constant | Epoch 8 | Train Loss: 0.0876 | Train Acc: 97.4467% | Test Loss: 0.0938 | Test Acc: 97.1300% | LR: 0.010000 | Time: 9.11s
constant | Epoch 9 | Train Loss: 0.0755 | Train Acc: 97.8050% | Test Loss: 0.0942 | Test Acc: 96.9900% | LR: 0.010000 | Time: 9.08s
constant | Epoch 10 | Train Loss: 0.0654 | Train Acc: 98.1300% | Test Loss: 0.0822 | Test Acc: 97.4300% | LR: 0.010000 | Time: 9.02s
constant | Epoch 11 | Train Loss: 0.0557 | Train Acc: 98.4500% | Test Loss: 0.0803 | Test Acc: 97.4700% | LR: 0.010000 | Time: 8.71s
constant | Epoch 12 | Train Loss: 0.0485 | Train Acc: 98.6617% | Test Loss: 0.0850 | Test Acc: 97.3900% | LR: 0.010000 | Time: 9.09s
constant | Epoch 13 | Train Loss: 0.0416 | Train Acc: 98.8717% | Test Loss: 0.0732 | Test Acc: 97.7200% | LR: 0.010000 | Time: 9.16s
constant | Epoch 14 | Train Loss: 0.0354 | Train Acc: 99.0700% | Test Loss: 0.0752 | Test Acc: 97.6700% | LR: 0.010000 | Time: 9.14s
constant | Epoch 15 | Train Loss: 0.0297 | Train Acc: 99.2367% | Test Loss: 0.0682 | Test Acc: 97.8100% | LR: 0.010000 | Time: 9.08s
Starting strategy: momentum
momentum | Epoch 1 | Train Loss: 0.3981 | Train Acc: 87.9533% | Test Loss: 0.1168 | Test Acc: 96.2800% | LR: 0.010000 | Time: 9.02s
momentum | Epoch 2 | Train Loss: 0.0931 | Train Acc: 97.1267% | Test Loss: 0.0922 | Test Acc: 97.0500% | LR: 0.010000 | Time: 9.23s
momentum | Epoch 3 | Train Loss: 0.0580 | Train Acc: 98.2017% | Test Loss: 0.0730 | Test Acc: 97.6700% | LR: 0.010000 | Time: 8.95s
momentum | Epoch 4 | Train Loss: 0.0357 | Train Acc: 98.8500% | Test Loss: 0.0770 | Test Acc: 97.7900% | LR: 0.010000 | Time: 9.18s
momentum | Epoch 5 | Train Loss: 0.0228 | Train Acc: 99.3083% | Test Loss: 0.0662 | Test Acc: 97.9900% | LR: 0.010000 | Time: 8.66s
momentum | Epoch 6 | Train Loss: 0.0160 | Train Acc: 99.5050% | Test Loss: 0.0958 | Test Acc: 97.3400% | LR: 0.010000 | Time: 9.36s
momentum | Epoch 7 | Train Loss: 0.0118 | Train Acc: 99.6433% | Test Loss: 0.0746 | Test Acc: 98.0200% | LR: 0.010000 | Time: 9.13s
momentum | Epoch 8 | Train Loss: 0.0087 | Train Acc: 99.7167% | Test Loss: 0.0782 | Test Acc: 98.0800% | LR: 0.010000 | Time: 8.99s
momentum | Epoch 9 | Train Loss: 0.0084 | Train Acc: 99.7133% | Test Loss: 0.0808 | Test Acc: 98.0400% | LR: 0.010000 | Time: 8.99s
momentum | Epoch 10 | Train Loss: 0.0053 | Train Acc: 99.8267% | Test Loss: 0.0827 | Test Acc: 98.2600% | LR: 0.010000 | Time: 8.96s
momentum | Epoch 11 | Train Loss: 0.0034 | Train Acc: 99.9067% | Test Loss: 0.0740 | Test Acc: 98.3700% | LR: 0.010000 | Time: 9.00s
momentum | Epoch 12 | Train Loss: 0.0026 | Train Acc: 99.9167% | Test Loss: 0.0842 | Test Acc: 98.2100% | LR: 0.010000 | Time: 9.12s
momentum | Epoch 13 | Train Loss: 0.0087 | Train Acc: 99.7150% | Test Loss: 0.0903 | Test Acc: 97.9300% | LR: 0.010000 | Time: 9.23s
momentum | Epoch 14 | Train Loss: 0.0039 | Train Acc: 99.8867% | Test Loss: 0.0952 | Test Acc: 97.8600% | LR: 0.010000 | Time: 9.05s
momentum | Epoch 15 | Train Loss: 0.0024 | Train Acc: 99.9283% | Test Loss: 0.0778 | Test Acc: 98.3800% | LR: 0.010000 | Time: 9.02s
Starting strategy: decay
decay | Epoch 1 | Train Loss: 1.3952 | Train Acc: 63.5300% | Test Loss: 0.4205 | Test Acc: 87.7000% | LR: 0.010000 | Time: 8.59s
decay | Epoch 2 | Train Loss: 0.3418 | Train Acc: 90.0550% | Test Loss: 0.2623 | Test Acc: 92.0900% | LR: 0.010000 | Time: 9.10s
decay | Epoch 3 | Train Loss: 0.2417 | Train Acc: 92.9750% | Test Loss: 0.2014 | Test Acc: 93.9700% | LR: 0.010000 | Time: 8.86s
decay | Epoch 4 | Train Loss: 0.1865 | Train Acc: 94.6083% | Test Loss: 0.1682 | Test Acc: 95.0200% | LR: 0.010000 | Time: 8.93s
decay | Epoch 5 | Train Loss: 0.1488 | Train Acc: 95.6600% | Test Loss: 0.1358 | Test Acc: 95.8600% | LR: 0.010000 | Time: 9.16s
decay | Epoch 6 | Train Loss: 0.1227 | Train Acc: 96.4000% | Test Loss: 0.1215 | Test Acc: 96.3600% | LR: 0.010000 | Time: 8.90s
decay | Epoch 7 | Train Loss: 0.1027 | Train Acc: 97.0133% | Test Loss: 0.1077 | Test Acc: 96.7200% | LR: 0.010000 | Time: 9.07s
decay | Epoch 8 | Train Loss: 0.0872 | Train Acc: 97.4500% | Test Loss: 0.0969 | Test Acc: 97.0600% | LR: 0.010000 | Time: 9.16s
decay | Epoch 9 | Train Loss: 0.0747 | Train Acc: 97.8200% | Test Loss: 0.0942 | Test Acc: 96.9500% | LR: 0.010000 | Time: 8.72s
decay | Epoch 10 | Train Loss: 0.0648 | Train Acc: 98.1133% | Test Loss: 0.0842 | Test Acc: 97.4500% | LR: 0.010000 | Time: 8.77s
decay | Epoch 11 | Train Loss: 0.0517 | Train Acc: 98.5917% | Test Loss: 0.0823 | Test Acc: 97.4800% | LR: 0.005000 | Time: 9.07s
decay | Epoch 12 | Train Loss: 0.0476 | Train Acc: 98.7267% | Test Loss: 0.0814 | Test Acc: 97.4200% | LR: 0.005000 | Time: 9.11s
decay | Epoch 13 | Train Loss: 0.0437 | Train Acc: 98.8767% | Test Loss: 0.0776 | Test Acc: 97.5100% | LR: 0.005000 | Time: 8.98s
decay | Epoch 14 | Train Loss: 0.0401 | Train Acc: 98.9433% | Test Loss: 0.0784 | Test Acc: 97.4900% | LR: 0.005000 | Time: 9.00s
decay | Epoch 15 | Train Loss: 0.0367 | Train Acc: 99.1017% | Test Loss: 0.0768 | Test Acc: 97.4300% | LR: 0.005000 | Time: 9.07s
Starting strategy: armijo
armijo | Epoch 1 | Train Loss: 0.3114 | Train Acc: 94.8817% | Test Loss: 0.1417 | Test Acc: 95.6900% | LR: 0.091880 | Time: 14.48s
armijo | Epoch 2 | Train Loss: 0.1058 | Train Acc: 99.5817% | Test Loss: 0.0833 | Test Acc: 97.1000% | LR: 0.085725 | Time: 14.39s
armijo | Epoch 3 | Train Loss: 0.0587 | Train Acc: 99.8717% | Test Loss: 0.0915 | Test Acc: 97.1100% | LR: 0.098743 | Time: 14.30s
armijo | Epoch 4 | Train Loss: 0.0340 | Train Acc: 99.9400% | Test Loss: 0.0680 | Test Acc: 97.8600% | LR: 0.060445 | Time: 14.69s
armijo | Epoch 5 | Train Loss: 0.0173 | Train Acc: 99.9750% | Test Loss: 0.0650 | Test Acc: 98.0200% | LR: 0.041112 | Time: 14.30s
armijo | Epoch 6 | Train Loss: 0.0094 | Train Acc: 99.9883% | Test Loss: 0.0668 | Test Acc: 98.0500% | LR: 0.058464 | Time: 13.96s
armijo | Epoch 7 | Train Loss: 0.0047 | Train Acc: 99.9933% | Test Loss: 0.0629 | Test Acc: 98.3300% | LR: 0.054547 | Time: 14.14s
armijo | Epoch 8 | Train Loss: 0.0028 | Train Acc: 99.9967% | Test Loss: 0.0617 | Test Acc: 98.4400% | LR: 0.062831 | Time: 13.88s
armijo | Epoch 9 | Train Loss: 0.0017 | Train Acc: 99.9983% | Test Loss: 0.0698 | Test Acc: 98.3000% | LR: 0.038462 | Time: 13.90s
armijo | Epoch 10 | Train Loss: 0.0011 | Train Acc: 100.0000% | Test Loss: 0.0665 | Test Acc: 98.4200% | LR: 0.075026 | Time: 14.09s
armijo | Epoch 11 | Train Loss: 0.0008 | Train Acc: 100.0000% | Test Loss: 0.0720 | Test Acc: 98.3800% | LR: 0.118546 | Time: 14.07s
armijo | Epoch 12 | Train Loss: 0.0007 | Train Acc: 100.0000% | Test Loss: 0.0703 | Test Acc: 98.5000% | LR: 0.099544 | Time: 14.13s
armijo | Epoch 13 | Train Loss: 0.0003 | Train Acc: 100.0000% | Test Loss: 0.0745 | Test Acc: 98.4200% | LR: 0.103194 | Time: 14.70s
armijo | Epoch 14 | Train Loss: 0.0002 | Train Acc: 100.0000% | Test Loss: 0.0754 | Test Acc: 98.4100% | LR: 0.063170 | Time: 14.26s
armijo | Epoch 15 | Train Loss: 0.0001 | Train Acc: 100.0000% | Test Loss: 0.0767 | Test Acc: 98.4300% | LR: 0.000000 | Time: 14.63s
Plots generated for DeepMLP
======================================================================
Training model: DeepMLPBN
======================================================================
Total trainable parameters: 4,372,234
Starting strategy: constant
constant | Epoch 1 | Train Loss: 0.5063 | Train Acc: 86.4317% | Test Loss: 0.1545 | Test Acc: 95.2400% | LR: 0.010000 | Time: 9.78s
constant | Epoch 2 | Train Loss: 0.2113 | Train Acc: 93.8283% | Test Loss: 0.1024 | Test Acc: 96.7900% | LR: 0.010000 | Time: 9.06s
constant | Epoch 3 | Train Loss: 0.1582 | Train Acc: 95.2550% | Test Loss: 0.0848 | Test Acc: 97.2200% | LR: 0.010000 | Time: 8.85s
constant | Epoch 4 | Train Loss: 0.1328 | Train Acc: 96.0033% | Test Loss: 0.0745 | Test Acc: 97.5700% | LR: 0.010000 | Time: 9.01s
constant | Epoch 5 | Train Loss: 0.1119 | Train Acc: 96.5500% | Test Loss: 0.0679 | Test Acc: 97.7600% | LR: 0.010000 | Time: 8.74s
constant | Epoch 6 | Train Loss: 0.0976 | Train Acc: 97.0383% | Test Loss: 0.0614 | Test Acc: 98.0200% | LR: 0.010000 | Time: 8.93s
constant | Epoch 7 | Train Loss: 0.0885 | Train Acc: 97.3200% | Test Loss: 0.0595 | Test Acc: 98.0600% | LR: 0.010000 | Time: 8.64s
constant | Epoch 8 | Train Loss: 0.0805 | Train Acc: 97.5117% | Test Loss: 0.0593 | Test Acc: 98.1000% | LR: 0.010000 | Time: 8.75s
constant | Epoch 9 | Train Loss: 0.0735 | Train Acc: 97.7050% | Test Loss: 0.0554 | Test Acc: 98.2600% | LR: 0.010000 | Time: 8.67s
constant | Epoch 10 | Train Loss: 0.0680 | Train Acc: 97.8983% | Test Loss: 0.0544 | Test Acc: 98.2500% | LR: 0.010000 | Time: 8.83s
constant | Epoch 11 | Train Loss: 0.0639 | Train Acc: 97.9783% | Test Loss: 0.0527 | Test Acc: 98.3200% | LR: 0.010000 | Time: 8.62s
constant | Epoch 12 | Train Loss: 0.0568 | Train Acc: 98.2800% | Test Loss: 0.0512 | Test Acc: 98.4100% | LR: 0.010000 | Time: 8.70s
constant | Epoch 13 | Train Loss: 0.0543 | Train Acc: 98.2700% | Test Loss: 0.0513 | Test Acc: 98.4400% | LR: 0.010000 | Time: 8.70s
constant | Epoch 14 | Train Loss: 0.0509 | Train Acc: 98.3250% | Test Loss: 0.0511 | Test Acc: 98.3600% | LR: 0.010000 | Time: 8.75s
constant | Epoch 15 | Train Loss: 0.0470 | Train Acc: 98.5167% | Test Loss: 0.0485 | Test Acc: 98.5200% | LR: 0.010000 | Time: 8.75s
Starting strategy: momentum
momentum | Epoch 1 | Train Loss: 0.2497 | Train Acc: 92.3933% | Test Loss: 0.0931 | Test Acc: 96.8700% | LR: 0.010000 | Time: 9.45s
momentum | Epoch 2 | Train Loss: 0.1185 | Train Acc: 96.3317% | Test Loss: 0.0718 | Test Acc: 97.7400% | LR: 0.010000 | Time: 9.62s
momentum | Epoch 3 | Train Loss: 0.0901 | Train Acc: 97.1983% | Test Loss: 0.0582 | Test Acc: 98.0400% | LR: 0.010000 | Time: 10.09s
momentum | Epoch 4 | Train Loss: 0.0740 | Train Acc: 97.6700% | Test Loss: 0.0580 | Test Acc: 98.1100% | LR: 0.010000 | Time: 10.24s
momentum | Epoch 5 | Train Loss: 0.0619 | Train Acc: 98.0583% | Test Loss: 0.0505 | Test Acc: 98.3300% | LR: 0.010000 | Time: 10.12s
momentum | Epoch 6 | Train Loss: 0.0539 | Train Acc: 98.2550% | Test Loss: 0.0494 | Test Acc: 98.4200% | LR: 0.010000 | Time: 10.20s
momentum | Epoch 7 | Train Loss: 0.0468 | Train Acc: 98.4850% | Test Loss: 0.0520 | Test Acc: 98.4300% | LR: 0.010000 | Time: 10.13s
momentum | Epoch 8 | Train Loss: 0.0417 | Train Acc: 98.6567% | Test Loss: 0.0481 | Test Acc: 98.6000% | LR: 0.010000 | Time: 9.53s
momentum | Epoch 9 | Train Loss: 0.0371 | Train Acc: 98.7533% | Test Loss: 0.0512 | Test Acc: 98.5000% | LR: 0.010000 | Time: 9.74s
momentum | Epoch 10 | Train Loss: 0.0342 | Train Acc: 98.8667% | Test Loss: 0.0510 | Test Acc: 98.4600% | LR: 0.010000 | Time: 10.71s
momentum | Epoch 11 | Train Loss: 0.0303 | Train Acc: 98.9817% | Test Loss: 0.0496 | Test Acc: 98.4800% | LR: 0.010000 | Time: 10.64s
momentum | Epoch 12 | Train Loss: 0.0278 | Train Acc: 99.1033% | Test Loss: 0.0503 | Test Acc: 98.3600% | LR: 0.010000 | Time: 10.67s
momentum | Epoch 13 | Train Loss: 0.0283 | Train Acc: 99.0617% | Test Loss: 0.0476 | Test Acc: 98.6300% | LR: 0.010000 | Time: 10.79s
momentum | Epoch 14 | Train Loss: 0.0234 | Train Acc: 99.2200% | Test Loss: 0.0552 | Test Acc: 98.4200% | LR: 0.010000 | Time: 10.65s
momentum | Epoch 15 | Train Loss: 0.0219 | Train Acc: 99.2783% | Test Loss: 0.0431 | Test Acc: 98.7100% | LR: 0.010000 | Time: 10.80s
Starting strategy: decay
decay | Epoch 1 | Train Loss: 0.5044 | Train Acc: 86.4617% | Test Loss: 0.1553 | Test Acc: 95.3100% | LR: 0.010000 | Time: 10.04s
decay | Epoch 2 | Train Loss: 0.2089 | Train Acc: 93.9117% | Test Loss: 0.1047 | Test Acc: 96.7200% | LR: 0.010000 | Time: 9.86s
decay | Epoch 3 | Train Loss: 0.1581 | Train Acc: 95.2667% | Test Loss: 0.0860 | Test Acc: 97.2300% | LR: 0.010000 | Time: 9.78s
decay | Epoch 4 | Train Loss: 0.1321 | Train Acc: 96.0117% | Test Loss: 0.0766 | Test Acc: 97.5700% | LR: 0.010000 | Time: 10.03s
decay | Epoch 5 | Train Loss: 0.1150 | Train Acc: 96.5333% | Test Loss: 0.0702 | Test Acc: 97.7300% | LR: 0.010000 | Time: 9.84s
decay | Epoch 6 | Train Loss: 0.1003 | Train Acc: 96.9383% | Test Loss: 0.0636 | Test Acc: 98.0000% | LR: 0.010000 | Time: 9.90s
decay | Epoch 7 | Train Loss: 0.0902 | Train Acc: 97.2650% | Test Loss: 0.0614 | Test Acc: 98.0900% | LR: 0.010000 | Time: 10.16s
decay | Epoch 8 | Train Loss: 0.0800 | Train Acc: 97.6050% | Test Loss: 0.0593 | Test Acc: 98.0600% | LR: 0.010000 | Time: 9.82s
decay | Epoch 9 | Train Loss: 0.0728 | Train Acc: 97.7733% | Test Loss: 0.0568 | Test Acc: 98.1700% | LR: 0.010000 | Time: 9.94s
decay | Epoch 10 | Train Loss: 0.0671 | Train Acc: 97.9317% | Test Loss: 0.0531 | Test Acc: 98.2800% | LR: 0.010000 | Time: 9.70s
decay | Epoch 11 | Train Loss: 0.0596 | Train Acc: 98.1350% | Test Loss: 0.0517 | Test Acc: 98.2500% | LR: 0.005000 | Time: 9.87s
decay | Epoch 12 | Train Loss: 0.0562 | Train Acc: 98.2433% | Test Loss: 0.0523 | Test Acc: 98.3800% | LR: 0.005000 | Time: 10.19s
decay | Epoch 13 | Train Loss: 0.0544 | Train Acc: 98.3450% | Test Loss: 0.0499 | Test Acc: 98.4100% | LR: 0.005000 | Time: 9.78s
decay | Epoch 14 | Train Loss: 0.0502 | Train Acc: 98.4367% | Test Loss: 0.0506 | Test Acc: 98.3900% | LR: 0.005000 | Time: 9.89s
decay | Epoch 15 | Train Loss: 0.0490 | Train Acc: 98.4483% | Test Loss: 0.0484 | Test Acc: 98.4100% | LR: 0.005000 | Time: 9.62s
Starting strategy: armijo
armijo | Epoch 1 | Train Loss: 0.2571 | Train Acc: 98.7867% | Test Loss: 0.1046 | Test Acc: 96.5300% | LR: 0.401629 | Time: 14.35s
armijo | Epoch 2 | Train Loss: 0.1187 | Train Acc: 99.3083% | Test Loss: 0.0791 | Test Acc: 97.4100% | LR: 0.303525 | Time: 14.42s
armijo | Epoch 3 | Train Loss: 0.0833 | Train Acc: 99.3567% | Test Loss: 0.0592 | Test Acc: 98.0500% | LR: 0.150499 | Time: 14.92s
armijo | Epoch 4 | Train Loss: 0.0627 | Train Acc: 99.4300% | Test Loss: 0.0593 | Test Acc: 98.1400% | LR: 0.113738 | Time: 14.22s
armijo | Epoch 5 | Train Loss: 0.0519 | Train Acc: 99.4900% | Test Loss: 0.0574 | Test Acc: 98.2700% | LR: 0.161741 | Time: 13.33s
armijo | Epoch 6 | Train Loss: 0.0443 | Train Acc: 99.5400% | Test Loss: 0.0543 | Test Acc: 98.2600% | LR: 0.150905 | Time: 13.43s
armijo | Epoch 7 | Train Loss: 0.0390 | Train Acc: 99.5817% | Test Loss: 0.0546 | Test Acc: 98.3800% | LR: 0.140796 | Time: 13.61s
armijo | Epoch 8 | Train Loss: 0.0339 | Train Acc: 99.5450% | Test Loss: 0.0528 | Test Acc: 98.3300% | LR: 0.106404 | Time: 13.60s
armijo | Epoch 9 | Train Loss: 0.0293 | Train Acc: 99.6533% | Test Loss: 0.0540 | Test Acc: 98.3800% | LR: 0.122563 | Time: 14.63s
armijo | Epoch 10 | Train Loss: 0.0255 | Train Acc: 99.6600% | Test Loss: 0.0504 | Test Acc: 98.4500% | LR: 0.102917 | Time: 14.01s
armijo | Epoch 11 | Train Loss: 0.0218 | Train Acc: 99.6600% | Test Loss: 0.0463 | Test Acc: 98.6000% | LR: 0.077778 | Time: 13.58s
armijo | Epoch 12 | Train Loss: 0.0224 | Train Acc: 99.6683% | Test Loss: 0.0547 | Test Acc: 98.4200% | LR: 0.065311 | Time: 14.26s
armijo | Epoch 13 | Train Loss: 0.0185 | Train Acc: 99.7183% | Test Loss: 0.0502 | Test Acc: 98.5200% | LR: 0.141556 | Time: 14.08s
armijo | Epoch 14 | Train Loss: 0.0187 | Train Acc: 99.7317% | Test Loss: 0.0505 | Test Acc: 98.6200% | LR: 0.096281 | Time: 13.97s
armijo | Epoch 15 | Train Loss: 0.0163 | Train Acc: 99.7667% | Test Loss: 0.0582 | Test Acc: 98.4200% | LR: 0.042966 | Time: 14.08s
Plots generated for DeepMLPBN
======================================================================
Training model: CNN
======================================================================
Total trainable parameters: 391,370
Starting strategy: constant
constant | Epoch 1 | Train Loss: 0.3629 | Train Acc: 91.3867% | Test Loss: 0.0732 | Test Acc: 98.1400% | LR: 0.010000 | Time: 11.24s
constant | Epoch 2 | Train Loss: 0.1123 | Train Acc: 97.1600% | Test Loss: 0.0440 | Test Acc: 98.7400% | LR: 0.010000 | Time: 10.87s
constant | Epoch 3 | Train Loss: 0.0823 | Train Acc: 97.7850% | Test Loss: 0.0347 | Test Acc: 98.9200% | LR: 0.010000 | Time: 10.98s
constant | Epoch 4 | Train Loss: 0.0678 | Train Acc: 98.1900% | Test Loss: 0.0291 | Test Acc: 99.0900% | LR: 0.010000 | Time: 10.98s
constant | Epoch 5 | Train Loss: 0.0568 | Train Acc: 98.4600% | Test Loss: 0.0267 | Test Acc: 99.0300% | LR: 0.010000 | Time: 10.89s
constant | Epoch 6 | Train Loss: 0.0515 | Train Acc: 98.5733% | Test Loss: 0.0258 | Test Acc: 99.1500% | LR: 0.010000 | Time: 10.93s
constant | Epoch 7 | Train Loss: 0.0459 | Train Acc: 98.7333% | Test Loss: 0.0254 | Test Acc: 99.1600% | LR: 0.010000 | Time: 10.88s
constant | Epoch 8 | Train Loss: 0.0416 | Train Acc: 98.8300% | Test Loss: 0.0214 | Test Acc: 99.3000% | LR: 0.010000 | Time: 10.94s
constant | Epoch 9 | Train Loss: 0.0382 | Train Acc: 98.8833% | Test Loss: 0.0211 | Test Acc: 99.3200% | LR: 0.010000 | Time: 10.93s
constant | Epoch 10 | Train Loss: 0.0351 | Train Acc: 99.0150% | Test Loss: 0.0205 | Test Acc: 99.2900% | LR: 0.010000 | Time: 10.76s
constant | Epoch 11 | Train Loss: 0.0342 | Train Acc: 99.0533% | Test Loss: 0.0198 | Test Acc: 99.3700% | LR: 0.010000 | Time: 10.20s
constant | Epoch 12 | Train Loss: 0.0310 | Train Acc: 99.1317% | Test Loss: 0.0186 | Test Acc: 99.3700% | LR: 0.010000 | Time: 9.63s
constant | Epoch 13 | Train Loss: 0.0283 | Train Acc: 99.1967% | Test Loss: 0.0195 | Test Acc: 99.3500% | LR: 0.010000 | Time: 9.48s
constant | Epoch 14 | Train Loss: 0.0263 | Train Acc: 99.2450% | Test Loss: 0.0185 | Test Acc: 99.3400% | LR: 0.010000 | Time: 10.38s
constant | Epoch 15 | Train Loss: 0.0250 | Train Acc: 99.2983% | Test Loss: 0.0185 | Test Acc: 99.3500% | LR: 0.010000 | Time: 11.12s
Starting strategy: momentum
momentum | Epoch 1 | Train Loss: 0.1452 | Train Acc: 95.7317% | Test Loss: 0.0280 | Test Acc: 99.1000% | LR: 0.010000 | Time: 10.50s
momentum | Epoch 2 | Train Loss: 0.0530 | Train Acc: 98.4367% | Test Loss: 0.0253 | Test Acc: 99.1000% | LR: 0.010000 | Time: 9.70s
momentum | Epoch 3 | Train Loss: 0.0431 | Train Acc: 98.6650% | Test Loss: 0.0222 | Test Acc: 99.1800% | LR: 0.010000 | Time: 10.10s
momentum | Epoch 4 | Train Loss: 0.0357 | Train Acc: 98.8750% | Test Loss: 0.0222 | Test Acc: 99.1700% | LR: 0.010000 | Time: 9.66s
momentum | Epoch 5 | Train Loss: 0.0279 | Train Acc: 99.1150% | Test Loss: 0.0184 | Test Acc: 99.3400% | LR: 0.010000 | Time: 9.67s
momentum | Epoch 6 | Train Loss: 0.0243 | Train Acc: 99.2567% | Test Loss: 0.0187 | Test Acc: 99.3300% | LR: 0.010000 | Time: 9.61s
momentum | Epoch 7 | Train Loss: 0.0238 | Train Acc: 99.2600% | Test Loss: 0.0184 | Test Acc: 99.3300% | LR: 0.010000 | Time: 9.58s
momentum | Epoch 8 | Train Loss: 0.0187 | Train Acc: 99.4000% | Test Loss: 0.0175 | Test Acc: 99.4300% | LR: 0.010000 | Time: 9.63s
momentum | Epoch 9 | Train Loss: 0.0175 | Train Acc: 99.4400% | Test Loss: 0.0207 | Test Acc: 99.2400% | LR: 0.010000 | Time: 9.64s
momentum | Epoch 10 | Train Loss: 0.0154 | Train Acc: 99.5300% | Test Loss: 0.0163 | Test Acc: 99.4500% | LR: 0.010000 | Time: 9.65s
momentum | Epoch 11 | Train Loss: 0.0138 | Train Acc: 99.5300% | Test Loss: 0.0177 | Test Acc: 99.3400% | LR: 0.010000 | Time: 9.61s
momentum | Epoch 12 | Train Loss: 0.0121 | Train Acc: 99.5917% | Test Loss: 0.0199 | Test Acc: 99.3100% | LR: 0.010000 | Time: 9.70s
momentum | Epoch 13 | Train Loss: 0.0114 | Train Acc: 99.6417% | Test Loss: 0.0204 | Test Acc: 99.3100% | LR: 0.010000 | Time: 9.64s
momentum | Epoch 14 | Train Loss: 0.0108 | Train Acc: 99.6600% | Test Loss: 0.0202 | Test Acc: 99.3400% | LR: 0.010000 | Time: 9.68s
momentum | Epoch 15 | Train Loss: 0.0095 | Train Acc: 99.7000% | Test Loss: 0.0192 | Test Acc: 99.3400% | LR: 0.010000 | Time: 10.18s
Starting strategy: decay
decay | Epoch 1 | Train Loss: 0.3637 | Train Acc: 91.2833% | Test Loss: 0.0763 | Test Acc: 98.0300% | LR: 0.010000 | Time: 9.67s
decay | Epoch 2 | Train Loss: 0.1113 | Train Acc: 97.1133% | Test Loss: 0.0466 | Test Acc: 98.6500% | LR: 0.010000 | Time: 9.76s
decay | Epoch 3 | Train Loss: 0.0810 | Train Acc: 97.8333% | Test Loss: 0.0371 | Test Acc: 98.8600% | LR: 0.010000 | Time: 10.43s
decay | Epoch 4 | Train Loss: 0.0668 | Train Acc: 98.1650% | Test Loss: 0.0319 | Test Acc: 98.9700% | LR: 0.010000 | Time: 12.62s
decay | Epoch 5 | Train Loss: 0.0547 | Train Acc: 98.4967% | Test Loss: 0.0278 | Test Acc: 99.0900% | LR: 0.010000 | Time: 11.30s
decay | Epoch 6 | Train Loss: 0.0484 | Train Acc: 98.6783% | Test Loss: 0.0282 | Test Acc: 98.9200% | LR: 0.010000 | Time: 11.24s
decay | Epoch 7 | Train Loss: 0.0473 | Train Acc: 98.7150% | Test Loss: 0.0254 | Test Acc: 99.1200% | LR: 0.010000 | Time: 11.34s
decay | Epoch 8 | Train Loss: 0.0399 | Train Acc: 98.8500% | Test Loss: 0.0231 | Test Acc: 99.2200% | LR: 0.010000 | Time: 11.26s
decay | Epoch 9 | Train Loss: 0.0374 | Train Acc: 98.9550% | Test Loss: 0.0241 | Test Acc: 99.1600% | LR: 0.010000 | Time: 11.08s
decay | Epoch 10 | Train Loss: 0.0344 | Train Acc: 99.0067% | Test Loss: 0.0223 | Test Acc: 99.2500% | LR: 0.010000 | Time: 11.10s
decay | Epoch 11 | Train Loss: 0.0306 | Train Acc: 99.1267% | Test Loss: 0.0213 | Test Acc: 99.3000% | LR: 0.005000 | Time: 11.08s
decay | Epoch 12 | Train Loss: 0.0283 | Train Acc: 99.2183% | Test Loss: 0.0209 | Test Acc: 99.2000% | LR: 0.005000 | Time: 10.99s
decay | Epoch 13 | Train Loss: 0.0271 | Train Acc: 99.2783% | Test Loss: 0.0205 | Test Acc: 99.2800% | LR: 0.005000 | Time: 10.83s
decay | Epoch 14 | Train Loss: 0.0260 | Train Acc: 99.2750% | Test Loss: 0.0201 | Test Acc: 99.3200% | LR: 0.005000 | Time: 10.89s
decay | Epoch 15 | Train Loss: 0.0247 | Train Acc: 99.2867% | Test Loss: 0.0198 | Test Acc: 99.2600% | LR: 0.005000 | Time: 10.88s
Starting strategy: armijo
armijo | Epoch 1 | Train Loss: 0.1342 | Train Acc: 98.5333% | Test Loss: 0.0313 | Test Acc: 99.0000% | LR: 0.325319 | Time: 14.82s
armijo | Epoch 2 | Train Loss: 0.0531 | Train Acc: 99.3217% | Test Loss: 0.0211 | Test Acc: 99.2300% | LR: 0.462620 | Time: 14.72s
armijo | Epoch 3 | Train Loss: 0.0414 | Train Acc: 99.5233% | Test Loss: 0.0214 | Test Acc: 99.3200% | LR: 0.349619 | Time: 14.92s
armijo | Epoch 4 | Train Loss: 0.0301 | Train Acc: 99.5633% | Test Loss: 0.0217 | Test Acc: 99.1800% | LR: 0.402712 | Time: 14.62s
armijo | Epoch 5 | Train Loss: 0.0279 | Train Acc: 99.6300% | Test Loss: 0.0204 | Test Acc: 99.3300% | LR: 0.375733 | Time: 14.60s
armijo | Epoch 6 | Train Loss: 0.0250 | Train Acc: 99.6833% | Test Loss: 0.0176 | Test Acc: 99.4000% | LR: 0.350562 | Time: 14.68s
armijo | Epoch 7 | Train Loss: 0.0199 | Train Acc: 99.7367% | Test Loss: 0.0190 | Test Acc: 99.4200% | LR: 0.363418 | Time: 14.55s
armijo | Epoch 8 | Train Loss: 0.0165 | Train Acc: 99.7600% | Test Loss: 0.0173 | Test Acc: 99.4000% | LR: 0.376746 | Time: 14.17s
armijo | Epoch 9 | Train Loss: 0.0147 | Train Acc: 99.8000% | Test Loss: 0.0154 | Test Acc: 99.5600% | LR: 0.390563 | Time: 14.26s
armijo | Epoch 10 | Train Loss: 0.0127 | Train Acc: 99.7767% | Test Loss: 0.0164 | Test Acc: 99.5200% | LR: 0.295163 | Time: 13.15s
armijo | Epoch 11 | Train Loss: 0.0109 | Train Acc: 99.8583% | Test Loss: 0.0175 | Test Acc: 99.5400% | LR: 0.223065 | Time: 13.17s
armijo | Epoch 12 | Train Loss: 0.0084 | Train Acc: 99.8083% | Test Loss: 0.0192 | Test Acc: 99.4700% | LR: 0.285489 | Time: 13.33s
armijo | Epoch 13 | Train Loss: 0.0079 | Train Acc: 99.8483% | Test Loss: 0.0177 | Test Acc: 99.4300% | LR: 0.266363 | Time: 13.28s
armijo | Epoch 14 | Train Loss: 0.0071 | Train Acc: 99.8850% | Test Loss: 0.0190 | Test Acc: 99.4400% | LR: 0.248518 | Time: 13.30s
armijo | Epoch 15 | Train Loss: 0.0061 | Train Acc: 99.8900% | Test Loss: 0.0199 | Test Acc: 99.4500% | LR: 0.208682 | Time: 13.29s
Plots generated for CNN
Results saved to: logs/mnist_full_experiment_3.json
Training completed successfully.
