Using device: mps
======================================================================
Training model: MLP
======================================================================
Total trainable parameters: 795,010
Starting strategy: constant
constant | Epoch 1 | Train Loss: 0.5236 | Train Acc: 87.0017% | Test Loss: 0.3029 | Test Acc: 91.7200% | LR: 0.010000 | Time: 7.33s
constant | Epoch 2 | Train Loss: 0.2795 | Train Acc: 92.0500% | Test Loss: 0.2469 | Test Acc: 93.2100% | LR: 0.010000 | Time: 6.85s
constant | Epoch 3 | Train Loss: 0.2312 | Train Acc: 93.4917% | Test Loss: 0.2121 | Test Acc: 94.0400% | LR: 0.010000 | Time: 6.94s
constant | Epoch 4 | Train Loss: 0.1985 | Train Acc: 94.4550% | Test Loss: 0.1903 | Test Acc: 94.6000% | LR: 0.010000 | Time: 6.96s
constant | Epoch 5 | Train Loss: 0.1739 | Train Acc: 95.1733% | Test Loss: 0.1666 | Test Acc: 95.3000% | LR: 0.010000 | Time: 7.03s
constant | Epoch 6 | Train Loss: 0.1548 | Train Acc: 95.6733% | Test Loss: 0.1517 | Test Acc: 95.6400% | LR: 0.010000 | Time: 7.03s
constant | Epoch 7 | Train Loss: 0.1392 | Train Acc: 96.1433% | Test Loss: 0.1408 | Test Acc: 96.1400% | LR: 0.010000 | Time: 6.97s
constant | Epoch 8 | Train Loss: 0.1267 | Train Acc: 96.5233% | Test Loss: 0.1302 | Test Acc: 96.3900% | LR: 0.010000 | Time: 7.00s
constant | Epoch 9 | Train Loss: 0.1161 | Train Acc: 96.8583% | Test Loss: 0.1220 | Test Acc: 96.6900% | LR: 0.010000 | Time: 6.97s
constant | Epoch 10 | Train Loss: 0.1071 | Train Acc: 97.1167% | Test Loss: 0.1162 | Test Acc: 96.7700% | LR: 0.010000 | Time: 6.98s
constant | Epoch 11 | Train Loss: 0.0993 | Train Acc: 97.3350% | Test Loss: 0.1126 | Test Acc: 96.8500% | LR: 0.010000 | Time: 7.26s
constant | Epoch 12 | Train Loss: 0.0928 | Train Acc: 97.5117% | Test Loss: 0.1046 | Test Acc: 97.0100% | LR: 0.010000 | Time: 6.61s
constant | Epoch 13 | Train Loss: 0.0866 | Train Acc: 97.6833% | Test Loss: 0.1000 | Test Acc: 97.1500% | LR: 0.010000 | Time: 6.55s
constant | Epoch 14 | Train Loss: 0.0812 | Train Acc: 97.8300% | Test Loss: 0.0969 | Test Acc: 97.2200% | LR: 0.010000 | Time: 6.61s
constant | Epoch 15 | Train Loss: 0.0763 | Train Acc: 97.9850% | Test Loss: 0.0930 | Test Acc: 97.2200% | LR: 0.010000 | Time: 6.59s
constant | Epoch 16 | Train Loss: 0.0719 | Train Acc: 98.1117% | Test Loss: 0.0908 | Test Acc: 97.2800% | LR: 0.010000 | Time: 6.57s
constant | Epoch 17 | Train Loss: 0.0682 | Train Acc: 98.1800% | Test Loss: 0.0879 | Test Acc: 97.3700% | LR: 0.010000 | Time: 6.57s
constant | Epoch 18 | Train Loss: 0.0646 | Train Acc: 98.2933% | Test Loss: 0.0844 | Test Acc: 97.5500% | LR: 0.010000 | Time: 6.60s
constant | Epoch 19 | Train Loss: 0.0613 | Train Acc: 98.4083% | Test Loss: 0.0833 | Test Acc: 97.5100% | LR: 0.010000 | Time: 6.60s
constant | Epoch 20 | Train Loss: 0.0581 | Train Acc: 98.5000% | Test Loss: 0.0807 | Test Acc: 97.6200% | LR: 0.010000 | Time: 6.58s
constant | Epoch 21 | Train Loss: 0.0553 | Train Acc: 98.5917% | Test Loss: 0.0788 | Test Acc: 97.7700% | LR: 0.010000 | Time: 6.59s
constant | Epoch 22 | Train Loss: 0.0527 | Train Acc: 98.6817% | Test Loss: 0.0767 | Test Acc: 97.7700% | LR: 0.010000 | Time: 6.62s
constant | Epoch 23 | Train Loss: 0.0500 | Train Acc: 98.7650% | Test Loss: 0.0758 | Test Acc: 97.7300% | LR: 0.010000 | Time: 6.61s
constant | Epoch 24 | Train Loss: 0.0479 | Train Acc: 98.8433% | Test Loss: 0.0743 | Test Acc: 97.7900% | LR: 0.010000 | Time: 6.57s
constant | Epoch 25 | Train Loss: 0.0458 | Train Acc: 98.9167% | Test Loss: 0.0738 | Test Acc: 97.8000% | LR: 0.010000 | Time: 6.59s
constant | Epoch 26 | Train Loss: 0.0438 | Train Acc: 98.9433% | Test Loss: 0.0729 | Test Acc: 97.8300% | LR: 0.010000 | Time: 6.61s
constant | Epoch 27 | Train Loss: 0.0420 | Train Acc: 99.0383% | Test Loss: 0.0721 | Test Acc: 98.0200% | LR: 0.010000 | Time: 6.60s
constant | Epoch 28 | Train Loss: 0.0401 | Train Acc: 99.0967% | Test Loss: 0.0705 | Test Acc: 97.9600% | LR: 0.010000 | Time: 6.60s
constant | Epoch 29 | Train Loss: 0.0386 | Train Acc: 99.1133% | Test Loss: 0.0704 | Test Acc: 97.9300% | LR: 0.010000 | Time: 6.61s
constant | Epoch 30 | Train Loss: 0.0370 | Train Acc: 99.1817% | Test Loss: 0.0684 | Test Acc: 98.0000% | LR: 0.010000 | Time: 6.61s
Starting strategy: momentum
momentum | Epoch 1 | Train Loss: 0.2435 | Train Acc: 92.8150% | Test Loss: 0.1250 | Test Acc: 96.2800% | LR: 0.010000 | Time: 7.04s
momentum | Epoch 2 | Train Loss: 0.0951 | Train Acc: 97.2850% | Test Loss: 0.0874 | Test Acc: 97.4600% | LR: 0.010000 | Time: 7.04s
momentum | Epoch 3 | Train Loss: 0.0629 | Train Acc: 98.1750% | Test Loss: 0.0757 | Test Acc: 97.5900% | LR: 0.010000 | Time: 7.05s
momentum | Epoch 4 | Train Loss: 0.0438 | Train Acc: 98.7350% | Test Loss: 0.0692 | Test Acc: 97.9200% | LR: 0.010000 | Time: 7.03s
momentum | Epoch 5 | Train Loss: 0.0316 | Train Acc: 99.1450% | Test Loss: 0.0624 | Test Acc: 98.1300% | LR: 0.010000 | Time: 7.02s
momentum | Epoch 6 | Train Loss: 0.0235 | Train Acc: 99.4450% | Test Loss: 0.0595 | Test Acc: 98.1200% | LR: 0.010000 | Time: 7.03s
momentum | Epoch 7 | Train Loss: 0.0165 | Train Acc: 99.7033% | Test Loss: 0.0582 | Test Acc: 98.2300% | LR: 0.010000 | Time: 7.04s
momentum | Epoch 8 | Train Loss: 0.0123 | Train Acc: 99.8183% | Test Loss: 0.0557 | Test Acc: 98.3000% | LR: 0.010000 | Time: 7.03s
momentum | Epoch 9 | Train Loss: 0.0098 | Train Acc: 99.8683% | Test Loss: 0.0591 | Test Acc: 98.1900% | LR: 0.010000 | Time: 7.04s
momentum | Epoch 10 | Train Loss: 0.0076 | Train Acc: 99.9350% | Test Loss: 0.0556 | Test Acc: 98.3200% | LR: 0.010000 | Time: 7.03s
momentum | Epoch 11 | Train Loss: 0.0060 | Train Acc: 99.9550% | Test Loss: 0.0572 | Test Acc: 98.2600% | LR: 0.010000 | Time: 7.01s
momentum | Epoch 12 | Train Loss: 0.0048 | Train Acc: 99.9733% | Test Loss: 0.0560 | Test Acc: 98.4100% | LR: 0.010000 | Time: 7.03s
momentum | Epoch 13 | Train Loss: 0.0040 | Train Acc: 99.9800% | Test Loss: 0.0580 | Test Acc: 98.2700% | LR: 0.010000 | Time: 7.07s
momentum | Epoch 14 | Train Loss: 0.0034 | Train Acc: 99.9900% | Test Loss: 0.0572 | Test Acc: 98.3100% | LR: 0.010000 | Time: 7.03s
momentum | Epoch 15 | Train Loss: 0.0029 | Train Acc: 99.9967% | Test Loss: 0.0562 | Test Acc: 98.3700% | LR: 0.010000 | Time: 7.04s
momentum | Epoch 16 | Train Loss: 0.0026 | Train Acc: 99.9983% | Test Loss: 0.0568 | Test Acc: 98.3800% | LR: 0.010000 | Time: 7.06s
momentum | Epoch 17 | Train Loss: 0.0023 | Train Acc: 100.0000% | Test Loss: 0.0577 | Test Acc: 98.2700% | LR: 0.010000 | Time: 7.02s
momentum | Epoch 18 | Train Loss: 0.0021 | Train Acc: 100.0000% | Test Loss: 0.0571 | Test Acc: 98.3200% | LR: 0.010000 | Time: 7.05s
momentum | Epoch 19 | Train Loss: 0.0019 | Train Acc: 100.0000% | Test Loss: 0.0577 | Test Acc: 98.3400% | LR: 0.010000 | Time: 7.02s
momentum | Epoch 20 | Train Loss: 0.0018 | Train Acc: 99.9983% | Test Loss: 0.0573 | Test Acc: 98.3500% | LR: 0.010000 | Time: 7.01s
momentum | Epoch 21 | Train Loss: 0.0016 | Train Acc: 100.0000% | Test Loss: 0.0582 | Test Acc: 98.3400% | LR: 0.010000 | Time: 7.04s
momentum | Epoch 22 | Train Loss: 0.0015 | Train Acc: 100.0000% | Test Loss: 0.0582 | Test Acc: 98.2900% | LR: 0.010000 | Time: 7.04s
momentum | Epoch 23 | Train Loss: 0.0014 | Train Acc: 99.9983% | Test Loss: 0.0587 | Test Acc: 98.3200% | LR: 0.010000 | Time: 7.04s
momentum | Epoch 24 | Train Loss: 0.0013 | Train Acc: 100.0000% | Test Loss: 0.0583 | Test Acc: 98.3700% | LR: 0.010000 | Time: 7.05s
momentum | Epoch 25 | Train Loss: 0.0013 | Train Acc: 100.0000% | Test Loss: 0.0594 | Test Acc: 98.2900% | LR: 0.010000 | Time: 7.03s
momentum | Epoch 26 | Train Loss: 0.0012 | Train Acc: 100.0000% | Test Loss: 0.0593 | Test Acc: 98.3500% | LR: 0.010000 | Time: 6.97s
momentum | Epoch 27 | Train Loss: 0.0011 | Train Acc: 100.0000% | Test Loss: 0.0596 | Test Acc: 98.3600% | LR: 0.010000 | Time: 7.04s
momentum | Epoch 28 | Train Loss: 0.0011 | Train Acc: 100.0000% | Test Loss: 0.0598 | Test Acc: 98.3600% | LR: 0.010000 | Time: 7.04s
momentum | Epoch 29 | Train Loss: 0.0010 | Train Acc: 100.0000% | Test Loss: 0.0602 | Test Acc: 98.3100% | LR: 0.010000 | Time: 6.95s
momentum | Epoch 30 | Train Loss: 0.0010 | Train Acc: 100.0000% | Test Loss: 0.0606 | Test Acc: 98.3400% | LR: 0.010000 | Time: 7.05s
Starting strategy: decay
decay | Epoch 1 | Train Loss: 0.5239 | Train Acc: 86.9767% | Test Loss: 0.3005 | Test Acc: 91.7700% | LR: 0.010000 | Time: 6.53s
decay | Epoch 2 | Train Loss: 0.2783 | Train Acc: 92.0650% | Test Loss: 0.2449 | Test Acc: 93.1900% | LR: 0.010000 | Time: 6.60s
decay | Epoch 3 | Train Loss: 0.2294 | Train Acc: 93.5500% | Test Loss: 0.2099 | Test Acc: 94.2400% | LR: 0.010000 | Time: 6.56s
decay | Epoch 4 | Train Loss: 0.1964 | Train Acc: 94.5067% | Test Loss: 0.1874 | Test Acc: 94.6700% | LR: 0.010000 | Time: 6.55s
decay | Epoch 5 | Train Loss: 0.1717 | Train Acc: 95.2250% | Test Loss: 0.1638 | Test Acc: 95.4200% | LR: 0.010000 | Time: 6.57s
decay | Epoch 6 | Train Loss: 0.1526 | Train Acc: 95.7367% | Test Loss: 0.1488 | Test Acc: 95.6400% | LR: 0.010000 | Time: 6.62s
decay | Epoch 7 | Train Loss: 0.1372 | Train Acc: 96.2350% | Test Loss: 0.1379 | Test Acc: 96.1000% | LR: 0.010000 | Time: 6.61s
decay | Epoch 8 | Train Loss: 0.1248 | Train Acc: 96.5500% | Test Loss: 0.1273 | Test Acc: 96.4100% | LR: 0.010000 | Time: 6.64s
decay | Epoch 9 | Train Loss: 0.1143 | Train Acc: 96.8650% | Test Loss: 0.1193 | Test Acc: 96.6000% | LR: 0.010000 | Time: 6.65s
decay | Epoch 10 | Train Loss: 0.1055 | Train Acc: 97.0967% | Test Loss: 0.1134 | Test Acc: 96.8300% | LR: 0.010000 | Time: 6.64s
decay | Epoch 11 | Train Loss: 0.0979 | Train Acc: 97.3517% | Test Loss: 0.1101 | Test Acc: 96.9000% | LR: 0.005000 | Time: 6.65s
decay | Epoch 12 | Train Loss: 0.0945 | Train Acc: 97.4600% | Test Loss: 0.1063 | Test Acc: 96.8700% | LR: 0.005000 | Time: 6.66s
decay | Epoch 13 | Train Loss: 0.0911 | Train Acc: 97.5400% | Test Loss: 0.1040 | Test Acc: 97.0000% | LR: 0.005000 | Time: 6.63s
decay | Epoch 14 | Train Loss: 0.0879 | Train Acc: 97.6400% | Test Loss: 0.1020 | Test Acc: 97.0600% | LR: 0.005000 | Time: 6.64s
decay | Epoch 15 | Train Loss: 0.0850 | Train Acc: 97.7317% | Test Loss: 0.1000 | Test Acc: 97.1200% | LR: 0.005000 | Time: 6.66s
decay | Epoch 16 | Train Loss: 0.0822 | Train Acc: 97.8250% | Test Loss: 0.0979 | Test Acc: 97.1600% | LR: 0.005000 | Time: 6.64s
decay | Epoch 17 | Train Loss: 0.0798 | Train Acc: 97.8800% | Test Loss: 0.0963 | Test Acc: 97.2400% | LR: 0.005000 | Time: 6.58s
decay | Epoch 18 | Train Loss: 0.0773 | Train Acc: 97.9417% | Test Loss: 0.0935 | Test Acc: 97.3700% | LR: 0.005000 | Time: 6.58s
decay | Epoch 19 | Train Loss: 0.0751 | Train Acc: 98.0100% | Test Loss: 0.0925 | Test Acc: 97.3800% | LR: 0.005000 | Time: 6.60s
decay | Epoch 20 | Train Loss: 0.0728 | Train Acc: 98.0750% | Test Loss: 0.0906 | Test Acc: 97.4400% | LR: 0.005000 | Time: 6.65s
decay | Epoch 21 | Train Loss: 0.0704 | Train Acc: 98.1483% | Test Loss: 0.0897 | Test Acc: 97.4800% | LR: 0.002500 | Time: 6.60s
decay | Epoch 22 | Train Loss: 0.0694 | Train Acc: 98.1900% | Test Loss: 0.0890 | Test Acc: 97.5100% | LR: 0.002500 | Time: 6.59s
decay | Epoch 23 | Train Loss: 0.0683 | Train Acc: 98.2317% | Test Loss: 0.0883 | Test Acc: 97.4800% | LR: 0.002500 | Time: 6.57s
decay | Epoch 24 | Train Loss: 0.0674 | Train Acc: 98.2283% | Test Loss: 0.0877 | Test Acc: 97.5600% | LR: 0.002500 | Time: 6.56s
decay | Epoch 25 | Train Loss: 0.0664 | Train Acc: 98.2817% | Test Loss: 0.0870 | Test Acc: 97.5800% | LR: 0.002500 | Time: 6.63s
decay | Epoch 26 | Train Loss: 0.0655 | Train Acc: 98.2967% | Test Loss: 0.0866 | Test Acc: 97.5700% | LR: 0.002500 | Time: 6.64s
decay | Epoch 27 | Train Loss: 0.0647 | Train Acc: 98.3217% | Test Loss: 0.0859 | Test Acc: 97.5600% | LR: 0.002500 | Time: 6.61s
decay | Epoch 28 | Train Loss: 0.0637 | Train Acc: 98.3600% | Test Loss: 0.0855 | Test Acc: 97.5600% | LR: 0.002500 | Time: 6.65s
decay | Epoch 29 | Train Loss: 0.0629 | Train Acc: 98.3533% | Test Loss: 0.0851 | Test Acc: 97.6300% | LR: 0.002500 | Time: 6.60s
decay | Epoch 30 | Train Loss: 0.0620 | Train Acc: 98.4000% | Test Loss: 0.0841 | Test Acc: 97.6400% | LR: 0.002500 | Time: 6.50s
Starting strategy: armijo
armijo | Epoch 1 | Train Loss: 0.1985 | Train Acc: 98.7883% | Test Loss: 0.2202 | Test Acc: 93.2400% | LR: 0.361466 | Time: 9.21s
armijo | Epoch 2 | Train Loss: 0.0773 | Train Acc: 99.9050% | Test Loss: 0.0735 | Test Acc: 97.6400% | LR: 0.303525 | Time: 9.22s
armijo | Epoch 3 | Train Loss: 0.0430 | Train Acc: 99.9683% | Test Loss: 0.0721 | Test Acc: 97.8200% | LR: 0.314657 | Time: 9.22s
armijo | Epoch 4 | Train Loss: 0.0252 | Train Acc: 99.9917% | Test Loss: 0.0645 | Test Acc: 98.1500% | LR: 0.237797 | Time: 9.20s
armijo | Epoch 5 | Train Loss: 0.0109 | Train Acc: 99.9950% | Test Loss: 0.0588 | Test Acc: 98.2600% | LR: 0.304344 | Time: 9.20s
armijo | Epoch 6 | Train Loss: 0.0087 | Train Acc: 99.9950% | Test Loss: 0.0602 | Test Acc: 98.2900% | LR: 0.283955 | Time: 9.21s
armijo | Epoch 7 | Train Loss: 0.0052 | Train Acc: 99.9983% | Test Loss: 0.0617 | Test Acc: 98.3400% | LR: 0.327076 | Time: 9.23s
armijo | Epoch 8 | Train Loss: 0.0030 | Train Acc: 100.0000% | Test Loss: 0.0557 | Test Acc: 98.5500% | LR: 0.274648 | Time: 9.14s
armijo | Epoch 9 | Train Loss: 0.0017 | Train Acc: 100.0000% | Test Loss: 0.0592 | Test Acc: 98.5300% | LR: 0.390563 | Time: 9.18s
armijo | Epoch 10 | Train Loss: 0.0014 | Train Acc: 100.0000% | Test Loss: 0.0583 | Test Acc: 98.5700% | LR: 0.295163 | Time: 9.26s
armijo | Epoch 11 | Train Loss: 0.0012 | Train Acc: 100.0000% | Test Loss: 0.0587 | Test Acc: 98.6100% | LR: 0.223065 | Time: 9.24s
armijo | Epoch 12 | Train Loss: 0.0008 | Train Acc: 100.0000% | Test Loss: 0.0594 | Test Acc: 98.5800% | LR: 0.483477 | Time: 9.19s
armijo | Epoch 13 | Train Loss: 0.0006 | Train Acc: 100.0000% | Test Loss: 0.0623 | Test Acc: 98.5400% | LR: 0.501209 | Time: 9.20s
armijo | Epoch 14 | Train Loss: 0.0005 | Train Acc: 100.0000% | Test Loss: 0.0617 | Test Acc: 98.6100% | LR: 0.519590 | Time: 9.17s
armijo | Epoch 15 | Train Loss: 0.0004 | Train Acc: 100.0000% | Test Loss: 0.0613 | Test Acc: 98.5800% | LR: 1.251305 | Time: 9.19s
armijo | Epoch 16 | Train Loss: 0.0004 | Train Acc: 99.9983% | Test Loss: 0.0624 | Test Acc: 98.5400% | LR: 0.689383 | Time: 9.19s
armijo | Epoch 17 | Train Loss: 0.0003 | Train Acc: 100.0000% | Test Loss: 0.0627 | Test Acc: 98.5800% | LR: 0.468892 | Time: 9.19s
armijo | Epoch 18 | Train Loss: 0.0002 | Train Acc: 100.0000% | Test Loss: 0.0643 | Test Acc: 98.5400% | LR: 1.394089 | Time: 9.24s
armijo | Epoch 19 | Train Loss: 0.0002 | Train Acc: 100.0000% | Test Loss: 0.0659 | Test Acc: 98.5700% | LR: 1.784218 | Time: 9.19s
armijo | Epoch 20 | Train Loss: 0.0002 | Train Acc: 100.0000% | Test Loss: 0.0658 | Test Acc: 98.6000% | LR: 1.092201 | Time: 9.22s
armijo | Epoch 21 | Train Loss: 0.0002 | Train Acc: 100.0000% | Test Loss: 0.0674 | Test Acc: 98.5500% | LR: 0.742874 | Time: 9.23s
armijo | Epoch 22 | Train Loss: 0.0001 | Train Acc: 100.0000% | Test Loss: 0.0682 | Test Acc: 98.5200% | LR: 2.726763 | Time: 9.16s
armijo | Epoch 23 | Train Loss: 0.0001 | Train Acc: 100.0000% | Test Loss: 0.0687 | Test Acc: 98.5300% | LR: 2.826766 | Time: 9.23s
armijo | Epoch 24 | Train Loss: 0.0001 | Train Acc: 100.0000% | Test Loss: 0.0688 | Test Acc: 98.5500% | LR: 1.401618 | Time: 9.21s
armijo | Epoch 25 | Train Loss: 0.0001 | Train Acc: 100.0000% | Test Loss: 0.0709 | Test Acc: 98.5600% | LR: 5.144724 | Time: 9.21s
armijo | Epoch 26 | Train Loss: 0.0001 | Train Acc: 100.0000% | Test Loss: 0.0725 | Test Acc: 98.6000% | LR: 3.499246 | Time: 9.33s
armijo | Epoch 27 | Train Loss: 0.0001 | Train Acc: 100.0000% | Test Loss: 0.0727 | Test Acc: 98.5500% | LR: 0.000001 | Time: 9.49s
armijo | Epoch 28 | Train Loss: 0.0000 | Train Acc: 100.0000% | Test Loss: 0.0727 | Test Acc: 98.5500% | LR: 0.000000 | Time: 9.36s
armijo | Epoch 29 | Train Loss: 0.0000 | Train Acc: 100.0000% | Test Loss: 0.0727 | Test Acc: 98.5500% | LR: 0.000001 | Time: 9.29s
armijo | Epoch 30 | Train Loss: 0.0000 | Train Acc: 100.0000% | Test Loss: 0.0727 | Test Acc: 98.5500% | LR: 0.000001 | Time: 9.31s
Plots generated for MLP
======================================================================
Training model: DeepMLP
======================================================================
Total trainable parameters: 4,364,554
Starting strategy: constant
constant | Epoch 1 | Train Loss: 1.3821 | Train Acc: 66.8317% | Test Loss: 0.4355 | Test Acc: 87.6000% | LR: 0.010000 | Time: 8.85s
constant | Epoch 2 | Train Loss: 0.3414 | Train Acc: 90.1150% | Test Loss: 0.2707 | Test Acc: 91.9800% | LR: 0.010000 | Time: 8.81s
constant | Epoch 3 | Train Loss: 0.2408 | Train Acc: 93.0183% | Test Loss: 0.2040 | Test Acc: 94.2100% | LR: 0.010000 | Time: 8.97s
constant | Epoch 4 | Train Loss: 0.1863 | Train Acc: 94.5900% | Test Loss: 0.1734 | Test Acc: 94.9700% | LR: 0.010000 | Time: 8.88s
constant | Epoch 5 | Train Loss: 0.1489 | Train Acc: 95.6883% | Test Loss: 0.1380 | Test Acc: 95.9100% | LR: 0.010000 | Time: 8.83s
constant | Epoch 6 | Train Loss: 0.1228 | Train Acc: 96.4183% | Test Loss: 0.1225 | Test Acc: 96.5300% | LR: 0.010000 | Time: 8.79s
constant | Epoch 7 | Train Loss: 0.1029 | Train Acc: 96.9967% | Test Loss: 0.1084 | Test Acc: 96.8700% | LR: 0.010000 | Time: 8.80s
constant | Epoch 8 | Train Loss: 0.0872 | Train Acc: 97.5000% | Test Loss: 0.0976 | Test Acc: 97.1000% | LR: 0.010000 | Time: 8.84s
constant | Epoch 9 | Train Loss: 0.0745 | Train Acc: 97.8717% | Test Loss: 0.0908 | Test Acc: 97.3500% | LR: 0.010000 | Time: 8.95s
constant | Epoch 10 | Train Loss: 0.0644 | Train Acc: 98.1217% | Test Loss: 0.0830 | Test Acc: 97.5200% | LR: 0.010000 | Time: 8.92s
constant | Epoch 11 | Train Loss: 0.0549 | Train Acc: 98.4267% | Test Loss: 0.0803 | Test Acc: 97.6500% | LR: 0.010000 | Time: 8.98s
constant | Epoch 12 | Train Loss: 0.0475 | Train Acc: 98.6683% | Test Loss: 0.0878 | Test Acc: 97.2100% | LR: 0.010000 | Time: 8.91s
constant | Epoch 13 | Train Loss: 0.0407 | Train Acc: 98.8383% | Test Loss: 0.0733 | Test Acc: 97.8100% | LR: 0.010000 | Time: 8.90s
constant | Epoch 14 | Train Loss: 0.0347 | Train Acc: 99.0367% | Test Loss: 0.0726 | Test Acc: 97.8100% | LR: 0.010000 | Time: 8.93s
constant | Epoch 15 | Train Loss: 0.0289 | Train Acc: 99.2433% | Test Loss: 0.0690 | Test Acc: 97.9600% | LR: 0.010000 | Time: 8.93s
constant | Epoch 16 | Train Loss: 0.0249 | Train Acc: 99.4083% | Test Loss: 0.0722 | Test Acc: 97.9000% | LR: 0.010000 | Time: 8.78s
constant | Epoch 17 | Train Loss: 0.0211 | Train Acc: 99.5317% | Test Loss: 0.0695 | Test Acc: 97.8500% | LR: 0.010000 | Time: 8.91s
constant | Epoch 18 | Train Loss: 0.0176 | Train Acc: 99.6400% | Test Loss: 0.0680 | Test Acc: 97.9500% | LR: 0.010000 | Time: 8.91s
constant | Epoch 19 | Train Loss: 0.0150 | Train Acc: 99.7050% | Test Loss: 0.0678 | Test Acc: 97.8900% | LR: 0.010000 | Time: 9.04s
constant | Epoch 20 | Train Loss: 0.0124 | Train Acc: 99.7700% | Test Loss: 0.0707 | Test Acc: 98.0200% | LR: 0.010000 | Time: 9.02s
constant | Epoch 21 | Train Loss: 0.0106 | Train Acc: 99.8283% | Test Loss: 0.0684 | Test Acc: 98.0300% | LR: 0.010000 | Time: 8.90s
constant | Epoch 22 | Train Loss: 0.0088 | Train Acc: 99.8933% | Test Loss: 0.0685 | Test Acc: 98.0300% | LR: 0.010000 | Time: 8.85s
constant | Epoch 23 | Train Loss: 0.0073 | Train Acc: 99.9250% | Test Loss: 0.0700 | Test Acc: 97.9700% | LR: 0.010000 | Time: 8.94s
constant | Epoch 24 | Train Loss: 0.0064 | Train Acc: 99.9400% | Test Loss: 0.0671 | Test Acc: 98.0100% | LR: 0.010000 | Time: 9.00s
constant | Epoch 25 | Train Loss: 0.0055 | Train Acc: 99.9500% | Test Loss: 0.0697 | Test Acc: 98.0300% | LR: 0.010000 | Time: 9.02s
constant | Epoch 26 | Train Loss: 0.0047 | Train Acc: 99.9667% | Test Loss: 0.0728 | Test Acc: 98.0200% | LR: 0.010000 | Time: 8.68s
constant | Epoch 27 | Train Loss: 0.0042 | Train Acc: 99.9733% | Test Loss: 0.0729 | Test Acc: 98.0100% | LR: 0.010000 | Time: 8.97s
constant | Epoch 28 | Train Loss: 0.0035 | Train Acc: 99.9833% | Test Loss: 0.0724 | Test Acc: 98.0300% | LR: 0.010000 | Time: 8.86s
constant | Epoch 29 | Train Loss: 0.0031 | Train Acc: 99.9883% | Test Loss: 0.0733 | Test Acc: 98.0200% | LR: 0.010000 | Time: 8.84s
constant | Epoch 30 | Train Loss: 0.0027 | Train Acc: 99.9917% | Test Loss: 0.0747 | Test Acc: 98.0300% | LR: 0.010000 | Time: 8.91s
Starting strategy: momentum
momentum | Epoch 1 | Train Loss: 0.3979 | Train Acc: 88.0267% | Test Loss: 0.1195 | Test Acc: 96.3900% | LR: 0.010000 | Time: 8.99s
momentum | Epoch 2 | Train Loss: 0.0935 | Train Acc: 97.1167% | Test Loss: 0.0914 | Test Acc: 97.0600% | LR: 0.010000 | Time: 9.01s
momentum | Epoch 3 | Train Loss: 0.0573 | Train Acc: 98.1833% | Test Loss: 0.0818 | Test Acc: 97.4700% | LR: 0.010000 | Time: 8.97s
momentum | Epoch 4 | Train Loss: 0.0346 | Train Acc: 98.9083% | Test Loss: 0.0841 | Test Acc: 97.5500% | LR: 0.010000 | Time: 8.95s
momentum | Epoch 5 | Train Loss: 0.0240 | Train Acc: 99.2650% | Test Loss: 0.0733 | Test Acc: 97.9200% | LR: 0.010000 | Time: 8.99s
momentum | Epoch 6 | Train Loss: 0.0159 | Train Acc: 99.5217% | Test Loss: 0.0847 | Test Acc: 97.8600% | LR: 0.010000 | Time: 8.91s
momentum | Epoch 7 | Train Loss: 0.0102 | Train Acc: 99.6817% | Test Loss: 0.0834 | Test Acc: 97.7500% | LR: 0.010000 | Time: 8.99s
momentum | Epoch 8 | Train Loss: 0.0096 | Train Acc: 99.6950% | Test Loss: 0.1034 | Test Acc: 97.5800% | LR: 0.010000 | Time: 8.91s
momentum | Epoch 9 | Train Loss: 0.0099 | Train Acc: 99.6733% | Test Loss: 0.0851 | Test Acc: 97.9600% | LR: 0.010000 | Time: 8.98s
momentum | Epoch 10 | Train Loss: 0.0059 | Train Acc: 99.8017% | Test Loss: 0.0912 | Test Acc: 97.9300% | LR: 0.010000 | Time: 8.90s
momentum | Epoch 11 | Train Loss: 0.0036 | Train Acc: 99.9067% | Test Loss: 0.0823 | Test Acc: 98.3000% | LR: 0.010000 | Time: 8.97s
momentum | Epoch 12 | Train Loss: 0.0020 | Train Acc: 99.9483% | Test Loss: 0.0805 | Test Acc: 98.4400% | LR: 0.010000 | Time: 8.95s
momentum | Epoch 13 | Train Loss: 0.0005 | Train Acc: 99.9967% | Test Loss: 0.0790 | Test Acc: 98.5200% | LR: 0.010000 | Time: 8.96s
momentum | Epoch 14 | Train Loss: 0.0002 | Train Acc: 99.9983% | Test Loss: 0.0808 | Test Acc: 98.4900% | LR: 0.010000 | Time: 9.88s
momentum | Epoch 15 | Train Loss: 0.0001 | Train Acc: 100.0000% | Test Loss: 0.0825 | Test Acc: 98.5200% | LR: 0.010000 | Time: 9.28s
momentum | Epoch 16 | Train Loss: 0.0001 | Train Acc: 100.0000% | Test Loss: 0.0834 | Test Acc: 98.5300% | LR: 0.010000 | Time: 9.28s
momentum | Epoch 17 | Train Loss: 0.0001 | Train Acc: 100.0000% | Test Loss: 0.0846 | Test Acc: 98.5100% | LR: 0.010000 | Time: 9.24s
momentum | Epoch 18 | Train Loss: 0.0000 | Train Acc: 100.0000% | Test Loss: 0.0854 | Test Acc: 98.5100% | LR: 0.010000 | Time: 9.26s
momentum | Epoch 19 | Train Loss: 0.0000 | Train Acc: 100.0000% | Test Loss: 0.0863 | Test Acc: 98.5100% | LR: 0.010000 | Time: 9.24s
momentum | Epoch 20 | Train Loss: 0.0000 | Train Acc: 100.0000% | Test Loss: 0.0869 | Test Acc: 98.5000% | LR: 0.010000 | Time: 9.20s
momentum | Epoch 21 | Train Loss: 0.0000 | Train Acc: 100.0000% | Test Loss: 0.0875 | Test Acc: 98.5000% | LR: 0.010000 | Time: 9.25s
momentum | Epoch 22 | Train Loss: 0.0000 | Train Acc: 100.0000% | Test Loss: 0.0880 | Test Acc: 98.5000% | LR: 0.010000 | Time: 9.21s
momentum | Epoch 23 | Train Loss: 0.0000 | Train Acc: 100.0000% | Test Loss: 0.0885 | Test Acc: 98.4900% | LR: 0.010000 | Time: 9.29s
momentum | Epoch 24 | Train Loss: 0.0000 | Train Acc: 100.0000% | Test Loss: 0.0891 | Test Acc: 98.5100% | LR: 0.010000 | Time: 9.26s
momentum | Epoch 25 | Train Loss: 0.0000 | Train Acc: 100.0000% | Test Loss: 0.0895 | Test Acc: 98.4800% | LR: 0.010000 | Time: 9.27s
momentum | Epoch 26 | Train Loss: 0.0000 | Train Acc: 100.0000% | Test Loss: 0.0899 | Test Acc: 98.4900% | LR: 0.010000 | Time: 9.33s
momentum | Epoch 27 | Train Loss: 0.0000 | Train Acc: 100.0000% | Test Loss: 0.0903 | Test Acc: 98.4900% | LR: 0.010000 | Time: 9.18s
momentum | Epoch 28 | Train Loss: 0.0000 | Train Acc: 100.0000% | Test Loss: 0.0907 | Test Acc: 98.4800% | LR: 0.010000 | Time: 9.27s
momentum | Epoch 29 | Train Loss: 0.0000 | Train Acc: 100.0000% | Test Loss: 0.0910 | Test Acc: 98.4700% | LR: 0.010000 | Time: 9.19s
momentum | Epoch 30 | Train Loss: 0.0000 | Train Acc: 100.0000% | Test Loss: 0.0914 | Test Acc: 98.4700% | LR: 0.010000 | Time: 9.22s
Starting strategy: decay
decay | Epoch 1 | Train Loss: 1.3895 | Train Acc: 62.1050% | Test Loss: 0.4263 | Test Acc: 87.6200% | LR: 0.010000 | Time: 7.97s
decay | Epoch 2 | Train Loss: 0.3412 | Train Acc: 90.0900% | Test Loss: 0.2735 | Test Acc: 92.0300% | LR: 0.010000 | Time: 8.50s
decay | Epoch 3 | Train Loss: 0.2422 | Train Acc: 92.9483% | Test Loss: 0.2098 | Test Acc: 93.9200% | LR: 0.010000 | Time: 8.69s
decay | Epoch 4 | Train Loss: 0.1862 | Train Acc: 94.6250% | Test Loss: 0.1750 | Test Acc: 94.9200% | LR: 0.010000 | Time: 8.52s
decay | Epoch 5 | Train Loss: 0.1483 | Train Acc: 95.6883% | Test Loss: 0.1437 | Test Acc: 95.6800% | LR: 0.010000 | Time: 8.98s
decay | Epoch 6 | Train Loss: 0.1223 | Train Acc: 96.4483% | Test Loss: 0.1260 | Test Acc: 96.3100% | LR: 0.010000 | Time: 8.98s
decay | Epoch 7 | Train Loss: 0.1021 | Train Acc: 97.0867% | Test Loss: 0.1148 | Test Acc: 96.5200% | LR: 0.010000 | Time: 8.86s
decay | Epoch 8 | Train Loss: 0.0866 | Train Acc: 97.5317% | Test Loss: 0.1000 | Test Acc: 97.0400% | LR: 0.010000 | Time: 8.78s
decay | Epoch 9 | Train Loss: 0.0740 | Train Acc: 97.8467% | Test Loss: 0.1020 | Test Acc: 96.9000% | LR: 0.010000 | Time: 9.02s
decay | Epoch 10 | Train Loss: 0.0638 | Train Acc: 98.2250% | Test Loss: 0.0877 | Test Acc: 97.4200% | LR: 0.010000 | Time: 8.92s
decay | Epoch 11 | Train Loss: 0.0508 | Train Acc: 98.6317% | Test Loss: 0.0851 | Test Acc: 97.4800% | LR: 0.005000 | Time: 8.91s
decay | Epoch 12 | Train Loss: 0.0468 | Train Acc: 98.7500% | Test Loss: 0.0837 | Test Acc: 97.4400% | LR: 0.005000 | Time: 9.05s
decay | Epoch 13 | Train Loss: 0.0429 | Train Acc: 98.8833% | Test Loss: 0.0803 | Test Acc: 97.6200% | LR: 0.005000 | Time: 8.89s
decay | Epoch 14 | Train Loss: 0.0392 | Train Acc: 99.0383% | Test Loss: 0.0809 | Test Acc: 97.5400% | LR: 0.005000 | Time: 8.93s
decay | Epoch 15 | Train Loss: 0.0359 | Train Acc: 99.1117% | Test Loss: 0.0782 | Test Acc: 97.6400% | LR: 0.005000 | Time: 8.97s
decay | Epoch 16 | Train Loss: 0.0329 | Train Acc: 99.2500% | Test Loss: 0.0784 | Test Acc: 97.6800% | LR: 0.005000 | Time: 9.10s
decay | Epoch 17 | Train Loss: 0.0305 | Train Acc: 99.3100% | Test Loss: 0.0771 | Test Acc: 97.6800% | LR: 0.005000 | Time: 8.62s
decay | Epoch 18 | Train Loss: 0.0277 | Train Acc: 99.3750% | Test Loss: 0.0752 | Test Acc: 97.8000% | LR: 0.005000 | Time: 8.99s
decay | Epoch 19 | Train Loss: 0.0253 | Train Acc: 99.4617% | Test Loss: 0.0765 | Test Acc: 97.7100% | LR: 0.005000 | Time: 8.96s
decay | Epoch 20 | Train Loss: 0.0231 | Train Acc: 99.5283% | Test Loss: 0.0763 | Test Acc: 97.7500% | LR: 0.005000 | Time: 8.98s
decay | Epoch 21 | Train Loss: 0.0200 | Train Acc: 99.6233% | Test Loss: 0.0736 | Test Acc: 97.8100% | LR: 0.002500 | Time: 9.01s
decay | Epoch 22 | Train Loss: 0.0191 | Train Acc: 99.6567% | Test Loss: 0.0736 | Test Acc: 97.7800% | LR: 0.002500 | Time: 8.92s
decay | Epoch 23 | Train Loss: 0.0181 | Train Acc: 99.6950% | Test Loss: 0.0735 | Test Acc: 97.8000% | LR: 0.002500 | Time: 9.02s
decay | Epoch 24 | Train Loss: 0.0174 | Train Acc: 99.7100% | Test Loss: 0.0733 | Test Acc: 97.8300% | LR: 0.002500 | Time: 8.93s
decay | Epoch 25 | Train Loss: 0.0166 | Train Acc: 99.7383% | Test Loss: 0.0734 | Test Acc: 97.8000% | LR: 0.002500 | Time: 9.01s
decay | Epoch 26 | Train Loss: 0.0159 | Train Acc: 99.7583% | Test Loss: 0.0747 | Test Acc: 97.7700% | LR: 0.002500 | Time: 9.01s
decay | Epoch 27 | Train Loss: 0.0152 | Train Acc: 99.7750% | Test Loss: 0.0746 | Test Acc: 97.7200% | LR: 0.002500 | Time: 9.06s
decay | Epoch 28 | Train Loss: 0.0144 | Train Acc: 99.7917% | Test Loss: 0.0742 | Test Acc: 97.8300% | LR: 0.002500 | Time: 8.95s
decay | Epoch 29 | Train Loss: 0.0138 | Train Acc: 99.8067% | Test Loss: 0.0749 | Test Acc: 97.8800% | LR: 0.002500 | Time: 8.96s
decay | Epoch 30 | Train Loss: 0.0132 | Train Acc: 99.8333% | Test Loss: 0.0736 | Test Acc: 97.9200% | LR: 0.002500 | Time: 8.88s
Starting strategy: armijo
armijo | Epoch 1 | Train Loss: 0.3330 | Train Acc: 94.2450% | Test Loss: 0.1676 | Test Acc: 94.8700% | LR: 0.091880 | Time: 14.27s
armijo | Epoch 2 | Train Loss: 0.1168 | Train Acc: 99.4783% | Test Loss: 0.1031 | Test Acc: 96.4700% | LR: 0.117592 | Time: 13.96s
armijo | Epoch 3 | Train Loss: 0.0695 | Train Acc: 99.8333% | Test Loss: 0.0952 | Test Acc: 97.0500% | LR: 0.098743 | Time: 14.03s
armijo | Epoch 4 | Train Loss: 0.0374 | Train Acc: 99.9467% | Test Loss: 0.0697 | Test Acc: 97.9400% | LR: 0.067161 | Time: 14.07s
armijo | Epoch 5 | Train Loss: 0.0147 | Train Acc: 99.9700% | Test Loss: 0.0665 | Test Acc: 98.1000% | LR: 0.056396 | Time: 14.27s
armijo | Epoch 6 | Train Loss: 0.0098 | Train Acc: 99.9883% | Test Loss: 0.0697 | Test Acc: 98.0400% | LR: 0.052617 | Time: 14.02s
armijo | Epoch 7 | Train Loss: 0.0046 | Train Acc: 99.9950% | Test Loss: 0.0696 | Test Acc: 98.1400% | LR: 0.060608 | Time: 14.07s
armijo | Epoch 8 | Train Loss: 0.0028 | Train Acc: 99.9983% | Test Loss: 0.0675 | Test Acc: 98.3000% | LR: 0.050893 | Time: 14.18s
armijo | Epoch 9 | Train Loss: 0.0014 | Train Acc: 99.9983% | Test Loss: 0.0743 | Test Acc: 98.3400% | LR: 0.072372 | Time: 14.04s
armijo | Epoch 10 | Train Loss: 0.0013 | Train Acc: 99.9983% | Test Loss: 0.0748 | Test Acc: 98.3000% | LR: 0.054694 | Time: 14.20s
armijo | Epoch 11 | Train Loss: 0.0006 | Train Acc: 99.9983% | Test Loss: 0.0772 | Test Acc: 98.3400% | LR: 0.118546 | Time: 13.90s
armijo | Epoch 12 | Train Loss: 0.0006 | Train Acc: 99.9983% | Test Loss: 0.0767 | Test Acc: 98.3700% | LR: 0.089589 | Time: 14.11s
armijo | Epoch 13 | Train Loss: 0.0004 | Train Acc: 99.9983% | Test Loss: 0.0798 | Test Acc: 98.3000% | LR: 0.044422 | Time: 13.99s
armijo | Epoch 14 | Train Loss: 0.0002 | Train Acc: 100.0000% | Test Loss: 0.0799 | Test Acc: 98.3300% | LR: 0.000000 | Time: 14.47s
armijo | Epoch 15 | Train Loss: 0.0002 | Train Acc: 100.0000% | Test Loss: 0.0799 | Test Acc: 98.3300% | LR: 0.000000 | Time: 14.17s
armijo | Epoch 16 | Train Loss: 0.0002 | Train Acc: 100.0000% | Test Loss: 0.0799 | Test Acc: 98.3300% | LR: 0.000000 | Time: 14.12s
armijo | Epoch 17 | Train Loss: 0.0002 | Train Acc: 100.0000% | Test Loss: 0.0799 | Test Acc: 98.3300% | LR: 0.000000 | Time: 14.31s
armijo | Epoch 18 | Train Loss: 0.0002 | Train Acc: 100.0000% | Test Loss: 0.0799 | Test Acc: 98.3300% | LR: 0.000000 | Time: 14.03s
armijo | Epoch 19 | Train Loss: 0.0002 | Train Acc: 100.0000% | Test Loss: 0.0799 | Test Acc: 98.3300% | LR: 0.000000 | Time: 14.15s
armijo | Epoch 20 | Train Loss: 0.0002 | Train Acc: 100.0000% | Test Loss: 0.0799 | Test Acc: 98.3300% | LR: 0.000000 | Time: 14.24s
armijo | Epoch 21 | Train Loss: 0.0002 | Train Acc: 100.0000% | Test Loss: 0.0799 | Test Acc: 98.3300% | LR: 0.000000 | Time: 14.04s
armijo | Epoch 22 | Train Loss: 0.0002 | Train Acc: 100.0000% | Test Loss: 0.0799 | Test Acc: 98.3300% | LR: 0.000000 | Time: 14.19s
armijo | Epoch 23 | Train Loss: 0.0002 | Train Acc: 100.0000% | Test Loss: 0.0799 | Test Acc: 98.3300% | LR: 0.000000 | Time: 14.07s
armijo | Epoch 24 | Train Loss: 0.0002 | Train Acc: 100.0000% | Test Loss: 0.0799 | Test Acc: 98.3300% | LR: 0.000000 | Time: 14.21s
armijo | Epoch 25 | Train Loss: 0.0002 | Train Acc: 100.0000% | Test Loss: 0.0799 | Test Acc: 98.3300% | LR: 0.000000 | Time: 14.25s
armijo | Epoch 26 | Train Loss: 0.0002 | Train Acc: 100.0000% | Test Loss: 0.0799 | Test Acc: 98.3300% | LR: 0.000000 | Time: 14.44s
armijo | Epoch 27 | Train Loss: 0.0002 | Train Acc: 100.0000% | Test Loss: 0.0799 | Test Acc: 98.3300% | LR: 0.000000 | Time: 14.32s
armijo | Epoch 28 | Train Loss: 0.0002 | Train Acc: 100.0000% | Test Loss: 0.0799 | Test Acc: 98.3300% | LR: 0.000000 | Time: 14.26s
armijo | Epoch 29 | Train Loss: 0.0002 | Train Acc: 100.0000% | Test Loss: 0.0799 | Test Acc: 98.3300% | LR: 0.000000 | Time: 14.10s
armijo | Epoch 30 | Train Loss: 0.0002 | Train Acc: 100.0000% | Test Loss: 0.0799 | Test Acc: 98.3300% | LR: 0.000000 | Time: 14.22s
Plots generated for DeepMLP
======================================================================
Training model: DeepMLPBN
======================================================================
Total trainable parameters: 4,372,234
Starting strategy: constant
constant | Epoch 1 | Train Loss: 0.5107 | Train Acc: 86.2583% | Test Loss: 0.1573 | Test Acc: 95.4000% | LR: 0.010000 | Time: 9.11s
constant | Epoch 2 | Train Loss: 0.2084 | Train Acc: 93.8933% | Test Loss: 0.1064 | Test Acc: 96.7900% | LR: 0.010000 | Time: 8.74s
constant | Epoch 3 | Train Loss: 0.1583 | Train Acc: 95.3283% | Test Loss: 0.0879 | Test Acc: 97.2200% | LR: 0.010000 | Time: 8.69s
constant | Epoch 4 | Train Loss: 0.1318 | Train Acc: 96.1000% | Test Loss: 0.0782 | Test Acc: 97.5300% | LR: 0.010000 | Time: 8.68s
constant | Epoch 5 | Train Loss: 0.1134 | Train Acc: 96.5583% | Test Loss: 0.0731 | Test Acc: 97.7000% | LR: 0.010000 | Time: 8.69s
constant | Epoch 6 | Train Loss: 0.0995 | Train Acc: 96.9633% | Test Loss: 0.0661 | Test Acc: 97.8200% | LR: 0.010000 | Time: 8.56s
constant | Epoch 7 | Train Loss: 0.0905 | Train Acc: 97.2533% | Test Loss: 0.0623 | Test Acc: 98.0600% | LR: 0.010000 | Time: 8.66s
constant | Epoch 8 | Train Loss: 0.0802 | Train Acc: 97.5683% | Test Loss: 0.0604 | Test Acc: 98.1800% | LR: 0.010000 | Time: 8.73s
constant | Epoch 9 | Train Loss: 0.0731 | Train Acc: 97.6483% | Test Loss: 0.0583 | Test Acc: 98.2300% | LR: 0.010000 | Time: 8.69s
constant | Epoch 10 | Train Loss: 0.0674 | Train Acc: 97.8600% | Test Loss: 0.0567 | Test Acc: 98.2800% | LR: 0.010000 | Time: 8.69s
constant | Epoch 11 | Train Loss: 0.0622 | Train Acc: 98.0967% | Test Loss: 0.0546 | Test Acc: 98.2700% | LR: 0.010000 | Time: 8.70s
constant | Epoch 12 | Train Loss: 0.0586 | Train Acc: 98.1633% | Test Loss: 0.0521 | Test Acc: 98.3600% | LR: 0.010000 | Time: 8.75s
constant | Epoch 13 | Train Loss: 0.0548 | Train Acc: 98.3067% | Test Loss: 0.0523 | Test Acc: 98.3500% | LR: 0.010000 | Time: 8.69s
constant | Epoch 14 | Train Loss: 0.0491 | Train Acc: 98.4300% | Test Loss: 0.0547 | Test Acc: 98.3900% | LR: 0.010000 | Time: 8.72s
constant | Epoch 15 | Train Loss: 0.0455 | Train Acc: 98.5683% | Test Loss: 0.0500 | Test Acc: 98.5000% | LR: 0.010000 | Time: 8.71s
constant | Epoch 16 | Train Loss: 0.0432 | Train Acc: 98.6517% | Test Loss: 0.0521 | Test Acc: 98.3600% | LR: 0.010000 | Time: 8.67s
constant | Epoch 17 | Train Loss: 0.0410 | Train Acc: 98.6500% | Test Loss: 0.0504 | Test Acc: 98.5600% | LR: 0.010000 | Time: 8.72s
constant | Epoch 18 | Train Loss: 0.0397 | Train Acc: 98.7250% | Test Loss: 0.0509 | Test Acc: 98.5100% | LR: 0.010000 | Time: 8.54s
constant | Epoch 19 | Train Loss: 0.0368 | Train Acc: 98.8050% | Test Loss: 0.0514 | Test Acc: 98.5400% | LR: 0.010000 | Time: 8.66s
constant | Epoch 20 | Train Loss: 0.0348 | Train Acc: 98.8917% | Test Loss: 0.0516 | Test Acc: 98.5800% | LR: 0.010000 | Time: 8.74s
constant | Epoch 21 | Train Loss: 0.0328 | Train Acc: 98.9583% | Test Loss: 0.0510 | Test Acc: 98.5000% | LR: 0.010000 | Time: 8.73s
constant | Epoch 22 | Train Loss: 0.0321 | Train Acc: 98.9833% | Test Loss: 0.0502 | Test Acc: 98.5200% | LR: 0.010000 | Time: 8.74s
constant | Epoch 23 | Train Loss: 0.0298 | Train Acc: 99.0117% | Test Loss: 0.0537 | Test Acc: 98.4400% | LR: 0.010000 | Time: 8.67s
constant | Epoch 24 | Train Loss: 0.0286 | Train Acc: 99.0833% | Test Loss: 0.0491 | Test Acc: 98.6100% | LR: 0.010000 | Time: 8.68s
constant | Epoch 25 | Train Loss: 0.0290 | Train Acc: 99.1067% | Test Loss: 0.0484 | Test Acc: 98.6900% | LR: 0.010000 | Time: 8.77s
constant | Epoch 26 | Train Loss: 0.0275 | Train Acc: 99.0983% | Test Loss: 0.0509 | Test Acc: 98.4800% | LR: 0.010000 | Time: 8.70s
constant | Epoch 27 | Train Loss: 0.0264 | Train Acc: 99.1283% | Test Loss: 0.0513 | Test Acc: 98.5600% | LR: 0.010000 | Time: 8.71s
constant | Epoch 28 | Train Loss: 0.0253 | Train Acc: 99.1750% | Test Loss: 0.0496 | Test Acc: 98.6200% | LR: 0.010000 | Time: 8.73s
constant | Epoch 29 | Train Loss: 0.0223 | Train Acc: 99.2900% | Test Loss: 0.0493 | Test Acc: 98.6200% | LR: 0.010000 | Time: 8.64s
constant | Epoch 30 | Train Loss: 0.0224 | Train Acc: 99.3000% | Test Loss: 0.0498 | Test Acc: 98.6200% | LR: 0.010000 | Time: 8.69s
Starting strategy: momentum
momentum | Epoch 1 | Train Loss: 0.2536 | Train Acc: 92.2250% | Test Loss: 0.1070 | Test Acc: 96.6300% | LR: 0.010000 | Time: 9.38s
momentum | Epoch 2 | Train Loss: 0.1169 | Train Acc: 96.4583% | Test Loss: 0.0771 | Test Acc: 97.5300% | LR: 0.010000 | Time: 9.38s
momentum | Epoch 3 | Train Loss: 0.0889 | Train Acc: 97.1950% | Test Loss: 0.0666 | Test Acc: 97.9000% | LR: 0.010000 | Time: 9.36s
momentum | Epoch 4 | Train Loss: 0.0734 | Train Acc: 97.7283% | Test Loss: 0.0626 | Test Acc: 98.0600% | LR: 0.010000 | Time: 9.41s
momentum | Epoch 5 | Train Loss: 0.0610 | Train Acc: 98.0500% | Test Loss: 0.0590 | Test Acc: 98.2600% | LR: 0.010000 | Time: 9.30s
momentum | Epoch 6 | Train Loss: 0.0530 | Train Acc: 98.2950% | Test Loss: 0.0568 | Test Acc: 98.2100% | LR: 0.010000 | Time: 9.41s
momentum | Epoch 7 | Train Loss: 0.0460 | Train Acc: 98.5333% | Test Loss: 0.0569 | Test Acc: 98.2800% | LR: 0.010000 | Time: 9.33s
momentum | Epoch 8 | Train Loss: 0.0436 | Train Acc: 98.5917% | Test Loss: 0.0534 | Test Acc: 98.4500% | LR: 0.010000 | Time: 9.36s
momentum | Epoch 9 | Train Loss: 0.0343 | Train Acc: 98.8683% | Test Loss: 0.0543 | Test Acc: 98.5000% | LR: 0.010000 | Time: 9.38s
momentum | Epoch 10 | Train Loss: 0.0345 | Train Acc: 98.9017% | Test Loss: 0.0519 | Test Acc: 98.5200% | LR: 0.010000 | Time: 9.40s
momentum | Epoch 11 | Train Loss: 0.0311 | Train Acc: 98.9667% | Test Loss: 0.0516 | Test Acc: 98.4600% | LR: 0.010000 | Time: 9.42s
momentum | Epoch 12 | Train Loss: 0.0283 | Train Acc: 99.0600% | Test Loss: 0.0481 | Test Acc: 98.5600% | LR: 0.010000 | Time: 9.36s
momentum | Epoch 13 | Train Loss: 0.0281 | Train Acc: 99.0883% | Test Loss: 0.0506 | Test Acc: 98.5200% | LR: 0.010000 | Time: 9.36s
momentum | Epoch 14 | Train Loss: 0.0226 | Train Acc: 99.2450% | Test Loss: 0.0485 | Test Acc: 98.5900% | LR: 0.010000 | Time: 9.28s
momentum | Epoch 15 | Train Loss: 0.0215 | Train Acc: 99.2733% | Test Loss: 0.0507 | Test Acc: 98.5500% | LR: 0.010000 | Time: 9.42s
momentum | Epoch 16 | Train Loss: 0.0204 | Train Acc: 99.3383% | Test Loss: 0.0474 | Test Acc: 98.6000% | LR: 0.010000 | Time: 9.38s
momentum | Epoch 17 | Train Loss: 0.0194 | Train Acc: 99.3533% | Test Loss: 0.0494 | Test Acc: 98.5000% | LR: 0.010000 | Time: 9.44s
momentum | Epoch 18 | Train Loss: 0.0181 | Train Acc: 99.4250% | Test Loss: 0.0475 | Test Acc: 98.6100% | LR: 0.010000 | Time: 9.40s
momentum | Epoch 19 | Train Loss: 0.0185 | Train Acc: 99.3817% | Test Loss: 0.0515 | Test Acc: 98.6800% | LR: 0.010000 | Time: 9.35s
momentum | Epoch 20 | Train Loss: 0.0149 | Train Acc: 99.5017% | Test Loss: 0.0500 | Test Acc: 98.5900% | LR: 0.010000 | Time: 9.38s
momentum | Epoch 21 | Train Loss: 0.0156 | Train Acc: 99.4733% | Test Loss: 0.0492 | Test Acc: 98.5700% | LR: 0.010000 | Time: 9.27s
momentum | Epoch 22 | Train Loss: 0.0149 | Train Acc: 99.5000% | Test Loss: 0.0474 | Test Acc: 98.7000% | LR: 0.010000 | Time: 9.36s
momentum | Epoch 23 | Train Loss: 0.0132 | Train Acc: 99.5333% | Test Loss: 0.0552 | Test Acc: 98.4800% | LR: 0.010000 | Time: 9.32s
momentum | Epoch 24 | Train Loss: 0.0143 | Train Acc: 99.5417% | Test Loss: 0.0468 | Test Acc: 98.6300% | LR: 0.010000 | Time: 9.39s
momentum | Epoch 25 | Train Loss: 0.0139 | Train Acc: 99.5200% | Test Loss: 0.0542 | Test Acc: 98.5500% | LR: 0.010000 | Time: 9.38s
momentum | Epoch 26 | Train Loss: 0.0147 | Train Acc: 99.5267% | Test Loss: 0.0545 | Test Acc: 98.5800% | LR: 0.010000 | Time: 9.35s
momentum | Epoch 27 | Train Loss: 0.0132 | Train Acc: 99.5483% | Test Loss: 0.0554 | Test Acc: 98.6500% | LR: 0.010000 | Time: 9.42s
momentum | Epoch 28 | Train Loss: 0.0113 | Train Acc: 99.6200% | Test Loss: 0.0491 | Test Acc: 98.6300% | LR: 0.010000 | Time: 10.33s
momentum | Epoch 29 | Train Loss: 0.0095 | Train Acc: 99.6800% | Test Loss: 0.0503 | Test Acc: 98.7000% | LR: 0.010000 | Time: 10.02s
momentum | Epoch 30 | Train Loss: 0.0115 | Train Acc: 99.6133% | Test Loss: 0.0549 | Test Acc: 98.6200% | LR: 0.010000 | Time: 10.07s
Starting strategy: decay
decay | Epoch 1 | Train Loss: 0.5097 | Train Acc: 86.2617% | Test Loss: 0.1631 | Test Acc: 95.1400% | LR: 0.010000 | Time: 8.69s
decay | Epoch 2 | Train Loss: 0.2109 | Train Acc: 93.8500% | Test Loss: 0.1090 | Test Acc: 96.7600% | LR: 0.010000 | Time: 8.78s
decay | Epoch 3 | Train Loss: 0.1592 | Train Acc: 95.2200% | Test Loss: 0.0904 | Test Acc: 97.3200% | LR: 0.010000 | Time: 8.71s
decay | Epoch 4 | Train Loss: 0.1316 | Train Acc: 95.9967% | Test Loss: 0.0798 | Test Acc: 97.5400% | LR: 0.010000 | Time: 8.66s
decay | Epoch 5 | Train Loss: 0.1130 | Train Acc: 96.5617% | Test Loss: 0.0718 | Test Acc: 97.7700% | LR: 0.010000 | Time: 8.74s
decay | Epoch 6 | Train Loss: 0.0992 | Train Acc: 96.9883% | Test Loss: 0.0669 | Test Acc: 97.9600% | LR: 0.010000 | Time: 8.69s
decay | Epoch 7 | Train Loss: 0.0910 | Train Acc: 97.1700% | Test Loss: 0.0620 | Test Acc: 98.0500% | LR: 0.010000 | Time: 8.79s
decay | Epoch 8 | Train Loss: 0.0817 | Train Acc: 97.4583% | Test Loss: 0.0640 | Test Acc: 98.1300% | LR: 0.010000 | Time: 8.79s
decay | Epoch 9 | Train Loss: 0.0727 | Train Acc: 97.7733% | Test Loss: 0.0592 | Test Acc: 98.2300% | LR: 0.010000 | Time: 8.79s
decay | Epoch 10 | Train Loss: 0.0690 | Train Acc: 97.9117% | Test Loss: 0.0578 | Test Acc: 98.2800% | LR: 0.010000 | Time: 8.81s
decay | Epoch 11 | Train Loss: 0.0586 | Train Acc: 98.1433% | Test Loss: 0.0553 | Test Acc: 98.3400% | LR: 0.005000 | Time: 8.77s
decay | Epoch 12 | Train Loss: 0.0577 | Train Acc: 98.2183% | Test Loss: 0.0553 | Test Acc: 98.3300% | LR: 0.005000 | Time: 9.32s
decay | Epoch 13 | Train Loss: 0.0543 | Train Acc: 98.3300% | Test Loss: 0.0545 | Test Acc: 98.4000% | LR: 0.005000 | Time: 8.63s
decay | Epoch 14 | Train Loss: 0.0508 | Train Acc: 98.4217% | Test Loss: 0.0548 | Test Acc: 98.3800% | LR: 0.005000 | Time: 8.64s
decay | Epoch 15 | Train Loss: 0.0487 | Train Acc: 98.4233% | Test Loss: 0.0516 | Test Acc: 98.4600% | LR: 0.005000 | Time: 8.72s
decay | Epoch 16 | Train Loss: 0.0485 | Train Acc: 98.4700% | Test Loss: 0.0513 | Test Acc: 98.4300% | LR: 0.005000 | Time: 8.69s
decay | Epoch 17 | Train Loss: 0.0457 | Train Acc: 98.5550% | Test Loss: 0.0509 | Test Acc: 98.4800% | LR: 0.005000 | Time: 8.70s
decay | Epoch 18 | Train Loss: 0.0446 | Train Acc: 98.6083% | Test Loss: 0.0509 | Test Acc: 98.4900% | LR: 0.005000 | Time: 8.69s
decay | Epoch 19 | Train Loss: 0.0415 | Train Acc: 98.6583% | Test Loss: 0.0512 | Test Acc: 98.5000% | LR: 0.005000 | Time: 8.68s
decay | Epoch 20 | Train Loss: 0.0395 | Train Acc: 98.7417% | Test Loss: 0.0526 | Test Acc: 98.4800% | LR: 0.005000 | Time: 8.68s
decay | Epoch 21 | Train Loss: 0.0378 | Train Acc: 98.8400% | Test Loss: 0.0530 | Test Acc: 98.4500% | LR: 0.002500 | Time: 8.70s
decay | Epoch 22 | Train Loss: 0.0375 | Train Acc: 98.8083% | Test Loss: 0.0521 | Test Acc: 98.4600% | LR: 0.002500 | Time: 8.65s
decay | Epoch 23 | Train Loss: 0.0362 | Train Acc: 98.8417% | Test Loss: 0.0528 | Test Acc: 98.4600% | LR: 0.002500 | Time: 8.69s
decay | Epoch 24 | Train Loss: 0.0363 | Train Acc: 98.8733% | Test Loss: 0.0511 | Test Acc: 98.4600% | LR: 0.002500 | Time: 8.64s
decay | Epoch 25 | Train Loss: 0.0357 | Train Acc: 98.9150% | Test Loss: 0.0494 | Test Acc: 98.5700% | LR: 0.002500 | Time: 8.70s
decay | Epoch 26 | Train Loss: 0.0355 | Train Acc: 98.8800% | Test Loss: 0.0501 | Test Acc: 98.5000% | LR: 0.002500 | Time: 8.66s
decay | Epoch 27 | Train Loss: 0.0352 | Train Acc: 98.8983% | Test Loss: 0.0504 | Test Acc: 98.5600% | LR: 0.002500 | Time: 8.70s
decay | Epoch 28 | Train Loss: 0.0331 | Train Acc: 99.0200% | Test Loss: 0.0505 | Test Acc: 98.4700% | LR: 0.002500 | Time: 8.69s
decay | Epoch 29 | Train Loss: 0.0313 | Train Acc: 99.0400% | Test Loss: 0.0500 | Test Acc: 98.5100% | LR: 0.002500 | Time: 8.68s
decay | Epoch 30 | Train Loss: 0.0322 | Train Acc: 98.9900% | Test Loss: 0.0513 | Test Acc: 98.4200% | LR: 0.002500 | Time: 8.66s
Starting strategy: armijo
armijo | Epoch 1 | Train Loss: 0.2560 | Train Acc: 98.7900% | Test Loss: 0.1258 | Test Acc: 96.2000% | LR: 0.401629 | Time: 13.07s
armijo | Epoch 2 | Train Loss: 0.1241 | Train Acc: 99.2317% | Test Loss: 0.0747 | Test Acc: 97.7600% | LR: 0.303525 | Time: 13.30s
armijo | Epoch 3 | Train Loss: 0.0832 | Train Acc: 99.4383% | Test Loss: 0.0730 | Test Acc: 97.8300% | LR: 0.283191 | Time: 13.04s
armijo | Epoch 4 | Train Loss: 0.0656 | Train Acc: 99.4717% | Test Loss: 0.0639 | Test Acc: 98.0900% | LR: 0.140417 | Time: 12.95s
armijo | Epoch 5 | Train Loss: 0.0499 | Train Acc: 99.4983% | Test Loss: 0.0544 | Test Acc: 98.3600% | LR: 0.179712 | Time: 12.82s
armijo | Epoch 6 | Train Loss: 0.0421 | Train Acc: 99.5167% | Test Loss: 0.0520 | Test Acc: 98.4000% | LR: 0.122233 | Time: 12.86s
armijo | Epoch 7 | Train Loss: 0.0340 | Train Acc: 99.5583% | Test Loss: 0.0566 | Test Acc: 98.4600% | LR: 0.156440 | Time: 12.97s
armijo | Epoch 8 | Train Loss: 0.0317 | Train Acc: 99.5050% | Test Loss: 0.0588 | Test Acc: 98.3400% | LR: 0.162177 | Time: 13.05s
armijo | Epoch 9 | Train Loss: 0.0306 | Train Acc: 99.6133% | Test Loss: 0.0558 | Test Acc: 98.3800% | LR: 0.080414 | Time: 13.23s
armijo | Epoch 10 | Train Loss: 0.0249 | Train Acc: 99.6300% | Test Loss: 0.0519 | Test Acc: 98.4200% | LR: 0.102917 | Time: 13.10s
armijo | Epoch 11 | Train Loss: 0.0240 | Train Acc: 99.6467% | Test Loss: 0.0473 | Test Acc: 98.6100% | LR: 0.086420 | Time: 12.76s
armijo | Epoch 12 | Train Loss: 0.0203 | Train Acc: 99.6300% | Test Loss: 0.0501 | Test Acc: 98.4700% | LR: 0.089589 | Time: 13.25s
armijo | Epoch 13 | Train Loss: 0.0200 | Train Acc: 99.6783% | Test Loss: 0.0494 | Test Acc: 98.5800% | LR: 0.127401 | Time: 13.11s
armijo | Epoch 14 | Train Loss: 0.0172 | Train Acc: 99.6917% | Test Loss: 0.0515 | Test Acc: 98.5800% | LR: 0.086653 | Time: 13.21s
armijo | Epoch 15 | Train Loss: 0.0162 | Train Acc: 99.6867% | Test Loss: 0.0513 | Test Acc: 98.5200% | LR: 0.038669 | Time: 13.14s
armijo | Epoch 16 | Train Loss: 0.0143 | Train Acc: 99.7167% | Test Loss: 0.0456 | Test Acc: 98.6300% | LR: 0.083813 | Time: 12.98s
armijo | Epoch 17 | Train Loss: 0.0137 | Train Acc: 99.7500% | Test Loss: 0.0463 | Test Acc: 98.7400% | LR: 0.096541 | Time: 13.18s
armijo | Epoch 18 | Train Loss: 0.0145 | Train Acc: 99.7600% | Test Loss: 0.0483 | Test Acc: 98.6900% | LR: 0.065663 | Time: 13.23s
armijo | Epoch 19 | Train Loss: 0.0127 | Train Acc: 99.7700% | Test Loss: 0.0499 | Test Acc: 98.7300% | LR: 0.093377 | Time: 13.10s
armijo | Epoch 20 | Train Loss: 0.0119 | Train Acc: 99.7550% | Test Loss: 0.0487 | Test Acc: 98.6500% | LR: 0.078409 | Time: 13.07s
armijo | Epoch 21 | Train Loss: 0.0114 | Train Acc: 99.7800% | Test Loss: 0.0511 | Test Acc: 98.5900% | LR: 0.090316 | Time: 13.15s
armijo | Epoch 22 | Train Loss: 0.0110 | Train Acc: 99.7583% | Test Loss: 0.0589 | Test Acc: 98.4700% | LR: 0.044782 | Time: 13.13s
armijo | Epoch 23 | Train Loss: 0.0107 | Train Acc: 99.7850% | Test Loss: 0.0541 | Test Acc: 98.5200% | LR: 0.070758 | Time: 13.03s
armijo | Epoch 24 | Train Loss: 0.0103 | Train Acc: 99.7700% | Test Loss: 0.0520 | Test Acc: 98.6300% | LR: 0.081504 | Time: 13.04s
armijo | Epoch 25 | Train Loss: 0.0102 | Train Acc: 99.8133% | Test Loss: 0.0492 | Test Acc: 98.6900% | LR: 0.076044 | Time: 13.11s
armijo | Epoch 26 | Train Loss: 0.0094 | Train Acc: 99.8167% | Test Loss: 0.0513 | Test Acc: 98.7300% | LR: 0.078832 | Time: 13.28s
armijo | Epoch 27 | Train Loss: 0.0087 | Train Acc: 99.7983% | Test Loss: 0.0516 | Test Acc: 98.6500% | LR: 0.048257 | Time: 13.12s
armijo | Epoch 28 | Train Loss: 0.0080 | Train Acc: 99.8367% | Test Loss: 0.0472 | Test Acc: 98.7500% | LR: 0.068624 | Time: 13.24s
armijo | Epoch 29 | Train Loss: 0.0079 | Train Acc: 99.8283% | Test Loss: 0.0511 | Test Acc: 98.6800% | LR: 0.051861 | Time: 13.20s
armijo | Epoch 30 | Train Loss: 0.0082 | Train Acc: 99.8017% | Test Loss: 0.0502 | Test Acc: 98.7000% | LR: 0.066375 | Time: 13.91s
Plots generated for DeepMLPBN
======================================================================
Training model: CNN
======================================================================
Total trainable parameters: 391,370
Starting strategy: constant
constant | Epoch 1 | Train Loss: 0.3588 | Train Acc: 91.6150% | Test Loss: 0.0767 | Test Acc: 98.1200% | LR: 0.010000 | Time: 10.48s
constant | Epoch 2 | Train Loss: 0.1145 | Train Acc: 97.0383% | Test Loss: 0.0481 | Test Acc: 98.6700% | LR: 0.010000 | Time: 9.78s
constant | Epoch 3 | Train Loss: 0.0816 | Train Acc: 97.8400% | Test Loss: 0.0375 | Test Acc: 98.9700% | LR: 0.010000 | Time: 9.74s
constant | Epoch 4 | Train Loss: 0.0678 | Train Acc: 98.1183% | Test Loss: 0.0329 | Test Acc: 99.1200% | LR: 0.010000 | Time: 9.75s
constant | Epoch 5 | Train Loss: 0.0585 | Train Acc: 98.4183% | Test Loss: 0.0300 | Test Acc: 99.0900% | LR: 0.010000 | Time: 9.76s
constant | Epoch 6 | Train Loss: 0.0514 | Train Acc: 98.5367% | Test Loss: 0.0281 | Test Acc: 99.1100% | LR: 0.010000 | Time: 9.73s
constant | Epoch 7 | Train Loss: 0.0463 | Train Acc: 98.6867% | Test Loss: 0.0262 | Test Acc: 99.2000% | LR: 0.010000 | Time: 9.75s
constant | Epoch 8 | Train Loss: 0.0420 | Train Acc: 98.8500% | Test Loss: 0.0251 | Test Acc: 99.2300% | LR: 0.010000 | Time: 9.72s
constant | Epoch 9 | Train Loss: 0.0392 | Train Acc: 98.8533% | Test Loss: 0.0235 | Test Acc: 99.2600% | LR: 0.010000 | Time: 9.74s
constant | Epoch 10 | Train Loss: 0.0356 | Train Acc: 99.0150% | Test Loss: 0.0227 | Test Acc: 99.2400% | LR: 0.010000 | Time: 9.76s
constant | Epoch 11 | Train Loss: 0.0321 | Train Acc: 99.1050% | Test Loss: 0.0235 | Test Acc: 99.2500% | LR: 0.010000 | Time: 9.77s
constant | Epoch 12 | Train Loss: 0.0313 | Train Acc: 99.0967% | Test Loss: 0.0226 | Test Acc: 99.1900% | LR: 0.010000 | Time: 9.74s
constant | Epoch 13 | Train Loss: 0.0288 | Train Acc: 99.1950% | Test Loss: 0.0214 | Test Acc: 99.2900% | LR: 0.010000 | Time: 9.76s
constant | Epoch 14 | Train Loss: 0.0267 | Train Acc: 99.2300% | Test Loss: 0.0218 | Test Acc: 99.2700% | LR: 0.010000 | Time: 9.71s
constant | Epoch 15 | Train Loss: 0.0249 | Train Acc: 99.3183% | Test Loss: 0.0216 | Test Acc: 99.2800% | LR: 0.010000 | Time: 9.76s
constant | Epoch 16 | Train Loss: 0.0237 | Train Acc: 99.2967% | Test Loss: 0.0210 | Test Acc: 99.3600% | LR: 0.010000 | Time: 9.76s
constant | Epoch 17 | Train Loss: 0.0225 | Train Acc: 99.3583% | Test Loss: 0.0205 | Test Acc: 99.3700% | LR: 0.010000 | Time: 9.74s
constant | Epoch 18 | Train Loss: 0.0214 | Train Acc: 99.4017% | Test Loss: 0.0209 | Test Acc: 99.3200% | LR: 0.010000 | Time: 9.78s
constant | Epoch 19 | Train Loss: 0.0195 | Train Acc: 99.4350% | Test Loss: 0.0210 | Test Acc: 99.3000% | LR: 0.010000 | Time: 9.74s
constant | Epoch 20 | Train Loss: 0.0192 | Train Acc: 99.4583% | Test Loss: 0.0210 | Test Acc: 99.2900% | LR: 0.010000 | Time: 9.74s
constant | Epoch 21 | Train Loss: 0.0168 | Train Acc: 99.5267% | Test Loss: 0.0211 | Test Acc: 99.3000% | LR: 0.010000 | Time: 9.75s
constant | Epoch 22 | Train Loss: 0.0167 | Train Acc: 99.5267% | Test Loss: 0.0206 | Test Acc: 99.3500% | LR: 0.010000 | Time: 9.75s
constant | Epoch 23 | Train Loss: 0.0173 | Train Acc: 99.4750% | Test Loss: 0.0231 | Test Acc: 99.2300% | LR: 0.010000 | Time: 9.76s
constant | Epoch 24 | Train Loss: 0.0151 | Train Acc: 99.5817% | Test Loss: 0.0212 | Test Acc: 99.2900% | LR: 0.010000 | Time: 9.76s
constant | Epoch 25 | Train Loss: 0.0149 | Train Acc: 99.5750% | Test Loss: 0.0213 | Test Acc: 99.3600% | LR: 0.010000 | Time: 9.75s
constant | Epoch 26 | Train Loss: 0.0142 | Train Acc: 99.6100% | Test Loss: 0.0219 | Test Acc: 99.2500% | LR: 0.010000 | Time: 9.75s
constant | Epoch 27 | Train Loss: 0.0147 | Train Acc: 99.5883% | Test Loss: 0.0243 | Test Acc: 99.1900% | LR: 0.010000 | Time: 9.77s
constant | Epoch 28 | Train Loss: 0.0134 | Train Acc: 99.6367% | Test Loss: 0.0203 | Test Acc: 99.3000% | LR: 0.010000 | Time: 9.79s
constant | Epoch 29 | Train Loss: 0.0120 | Train Acc: 99.6433% | Test Loss: 0.0203 | Test Acc: 99.3400% | LR: 0.010000 | Time: 9.77s
constant | Epoch 30 | Train Loss: 0.0123 | Train Acc: 99.6550% | Test Loss: 0.0216 | Test Acc: 99.2400% | LR: 0.010000 | Time: 9.77s
Starting strategy: momentum
momentum | Epoch 1 | Train Loss: 0.1474 | Train Acc: 95.6650% | Test Loss: 0.0288 | Test Acc: 99.0900% | LR: 0.010000 | Time: 9.82s
momentum | Epoch 2 | Train Loss: 0.0541 | Train Acc: 98.3467% | Test Loss: 0.0272 | Test Acc: 99.1400% | LR: 0.010000 | Time: 9.85s
momentum | Epoch 3 | Train Loss: 0.0420 | Train Acc: 98.7383% | Test Loss: 0.0223 | Test Acc: 99.2800% | LR: 0.010000 | Time: 9.87s
momentum | Epoch 4 | Train Loss: 0.0322 | Train Acc: 99.0200% | Test Loss: 0.0253 | Test Acc: 99.1000% | LR: 0.010000 | Time: 9.86s
momentum | Epoch 5 | Train Loss: 0.0298 | Train Acc: 99.0500% | Test Loss: 0.0207 | Test Acc: 99.2600% | LR: 0.010000 | Time: 9.86s
momentum | Epoch 6 | Train Loss: 0.0253 | Train Acc: 99.2150% | Test Loss: 0.0216 | Test Acc: 99.3000% | LR: 0.010000 | Time: 9.86s
momentum | Epoch 7 | Train Loss: 0.0223 | Train Acc: 99.3017% | Test Loss: 0.0208 | Test Acc: 99.2500% | LR: 0.010000 | Time: 9.85s
momentum | Epoch 8 | Train Loss: 0.0193 | Train Acc: 99.3800% | Test Loss: 0.0190 | Test Acc: 99.3700% | LR: 0.010000 | Time: 9.87s
momentum | Epoch 9 | Train Loss: 0.0181 | Train Acc: 99.3917% | Test Loss: 0.0205 | Test Acc: 99.3200% | LR: 0.010000 | Time: 9.85s
momentum | Epoch 10 | Train Loss: 0.0172 | Train Acc: 99.4400% | Test Loss: 0.0203 | Test Acc: 99.3300% | LR: 0.010000 | Time: 9.87s
momentum | Epoch 11 | Train Loss: 0.0138 | Train Acc: 99.5433% | Test Loss: 0.0184 | Test Acc: 99.4100% | LR: 0.010000 | Time: 9.88s
momentum | Epoch 12 | Train Loss: 0.0138 | Train Acc: 99.5550% | Test Loss: 0.0197 | Test Acc: 99.4000% | LR: 0.010000 | Time: 9.85s
momentum | Epoch 13 | Train Loss: 0.0121 | Train Acc: 99.6033% | Test Loss: 0.0180 | Test Acc: 99.4500% | LR: 0.010000 | Time: 9.87s
momentum | Epoch 14 | Train Loss: 0.0105 | Train Acc: 99.6700% | Test Loss: 0.0199 | Test Acc: 99.4000% | LR: 0.010000 | Time: 9.87s
momentum | Epoch 15 | Train Loss: 0.0100 | Train Acc: 99.6600% | Test Loss: 0.0171 | Test Acc: 99.4400% | LR: 0.010000 | Time: 9.88s
momentum | Epoch 16 | Train Loss: 0.0090 | Train Acc: 99.7400% | Test Loss: 0.0176 | Test Acc: 99.4600% | LR: 0.010000 | Time: 9.84s
momentum | Epoch 17 | Train Loss: 0.0087 | Train Acc: 99.7317% | Test Loss: 0.0193 | Test Acc: 99.4000% | LR: 0.010000 | Time: 9.87s
momentum | Epoch 18 | Train Loss: 0.0073 | Train Acc: 99.7833% | Test Loss: 0.0183 | Test Acc: 99.4200% | LR: 0.010000 | Time: 9.84s
momentum | Epoch 19 | Train Loss: 0.0067 | Train Acc: 99.8017% | Test Loss: 0.0180 | Test Acc: 99.5100% | LR: 0.010000 | Time: 9.83s
momentum | Epoch 20 | Train Loss: 0.0067 | Train Acc: 99.7950% | Test Loss: 0.0179 | Test Acc: 99.4800% | LR: 0.010000 | Time: 9.85s
momentum | Epoch 21 | Train Loss: 0.0062 | Train Acc: 99.8033% | Test Loss: 0.0198 | Test Acc: 99.3600% | LR: 0.010000 | Time: 9.90s
momentum | Epoch 22 | Train Loss: 0.0065 | Train Acc: 99.8033% | Test Loss: 0.0208 | Test Acc: 99.4100% | LR: 0.010000 | Time: 9.90s
momentum | Epoch 23 | Train Loss: 0.0061 | Train Acc: 99.7883% | Test Loss: 0.0225 | Test Acc: 99.3600% | LR: 0.010000 | Time: 9.87s
momentum | Epoch 24 | Train Loss: 0.0050 | Train Acc: 99.8517% | Test Loss: 0.0192 | Test Acc: 99.4600% | LR: 0.010000 | Time: 9.87s
momentum | Epoch 25 | Train Loss: 0.0049 | Train Acc: 99.8383% | Test Loss: 0.0193 | Test Acc: 99.4600% | LR: 0.010000 | Time: 9.88s
momentum | Epoch 26 | Train Loss: 0.0047 | Train Acc: 99.8533% | Test Loss: 0.0208 | Test Acc: 99.4600% | LR: 0.010000 | Time: 9.88s
momentum | Epoch 27 | Train Loss: 0.0048 | Train Acc: 99.8433% | Test Loss: 0.0197 | Test Acc: 99.4800% | LR: 0.010000 | Time: 9.88s
momentum | Epoch 28 | Train Loss: 0.0041 | Train Acc: 99.8767% | Test Loss: 0.0192 | Test Acc: 99.5200% | LR: 0.010000 | Time: 9.89s
momentum | Epoch 29 | Train Loss: 0.0046 | Train Acc: 99.8600% | Test Loss: 0.0204 | Test Acc: 99.4200% | LR: 0.010000 | Time: 9.91s
momentum | Epoch 30 | Train Loss: 0.0043 | Train Acc: 99.8650% | Test Loss: 0.0213 | Test Acc: 99.4400% | LR: 0.010000 | Time: 9.89s
Starting strategy: decay
decay | Epoch 1 | Train Loss: 0.3640 | Train Acc: 91.3417% | Test Loss: 0.0774 | Test Acc: 98.0800% | LR: 0.010000 | Time: 9.81s
decay | Epoch 2 | Train Loss: 0.1134 | Train Acc: 97.0700% | Test Loss: 0.0479 | Test Acc: 98.6400% | LR: 0.010000 | Time: 9.75s
decay | Epoch 3 | Train Loss: 0.0813 | Train Acc: 97.8167% | Test Loss: 0.0374 | Test Acc: 98.9200% | LR: 0.010000 | Time: 9.82s
decay | Epoch 4 | Train Loss: 0.0680 | Train Acc: 98.1633% | Test Loss: 0.0331 | Test Acc: 99.0000% | LR: 0.010000 | Time: 9.82s
decay | Epoch 5 | Train Loss: 0.0571 | Train Acc: 98.4217% | Test Loss: 0.0294 | Test Acc: 99.0900% | LR: 0.010000 | Time: 9.77s
decay | Epoch 6 | Train Loss: 0.0503 | Train Acc: 98.6267% | Test Loss: 0.0270 | Test Acc: 99.1100% | LR: 0.010000 | Time: 9.80s
decay | Epoch 7 | Train Loss: 0.0462 | Train Acc: 98.6667% | Test Loss: 0.0257 | Test Acc: 99.2100% | LR: 0.010000 | Time: 9.82s
decay | Epoch 8 | Train Loss: 0.0410 | Train Acc: 98.8783% | Test Loss: 0.0239 | Test Acc: 99.1800% | LR: 0.010000 | Time: 9.84s
decay | Epoch 9 | Train Loss: 0.0390 | Train Acc: 98.8500% | Test Loss: 0.0234 | Test Acc: 99.2100% | LR: 0.010000 | Time: 9.79s
decay | Epoch 10 | Train Loss: 0.0352 | Train Acc: 99.0033% | Test Loss: 0.0229 | Test Acc: 99.2700% | LR: 0.010000 | Time: 9.82s
decay | Epoch 11 | Train Loss: 0.0307 | Train Acc: 99.1417% | Test Loss: 0.0218 | Test Acc: 99.2700% | LR: 0.005000 | Time: 9.81s
decay | Epoch 12 | Train Loss: 0.0296 | Train Acc: 99.2067% | Test Loss: 0.0213 | Test Acc: 99.3000% | LR: 0.005000 | Time: 9.81s
decay | Epoch 13 | Train Loss: 0.0286 | Train Acc: 99.1867% | Test Loss: 0.0212 | Test Acc: 99.3100% | LR: 0.005000 | Time: 9.80s
decay | Epoch 14 | Train Loss: 0.0269 | Train Acc: 99.2550% | Test Loss: 0.0216 | Test Acc: 99.3100% | LR: 0.005000 | Time: 9.84s
decay | Epoch 15 | Train Loss: 0.0265 | Train Acc: 99.2417% | Test Loss: 0.0205 | Test Acc: 99.3300% | LR: 0.005000 | Time: 9.80s
decay | Epoch 16 | Train Loss: 0.0254 | Train Acc: 99.2683% | Test Loss: 0.0213 | Test Acc: 99.2700% | LR: 0.005000 | Time: 9.82s
decay | Epoch 17 | Train Loss: 0.0239 | Train Acc: 99.3367% | Test Loss: 0.0206 | Test Acc: 99.3200% | LR: 0.005000 | Time: 9.86s
decay | Epoch 18 | Train Loss: 0.0228 | Train Acc: 99.3583% | Test Loss: 0.0205 | Test Acc: 99.3400% | LR: 0.005000 | Time: 9.79s
decay | Epoch 19 | Train Loss: 0.0227 | Train Acc: 99.3683% | Test Loss: 0.0202 | Test Acc: 99.3500% | LR: 0.005000 | Time: 9.82s
decay | Epoch 20 | Train Loss: 0.0209 | Train Acc: 99.4233% | Test Loss: 0.0202 | Test Acc: 99.3600% | LR: 0.005000 | Time: 9.81s
decay | Epoch 21 | Train Loss: 0.0197 | Train Acc: 99.4417% | Test Loss: 0.0197 | Test Acc: 99.3300% | LR: 0.002500 | Time: 9.85s
decay | Epoch 22 | Train Loss: 0.0192 | Train Acc: 99.4833% | Test Loss: 0.0197 | Test Acc: 99.3800% | LR: 0.002500 | Time: 9.82s
decay | Epoch 23 | Train Loss: 0.0197 | Train Acc: 99.4683% | Test Loss: 0.0201 | Test Acc: 99.3400% | LR: 0.002500 | Time: 9.81s
decay | Epoch 24 | Train Loss: 0.0185 | Train Acc: 99.5150% | Test Loss: 0.0198 | Test Acc: 99.3700% | LR: 0.002500 | Time: 9.87s
decay | Epoch 25 | Train Loss: 0.0191 | Train Acc: 99.5150% | Test Loss: 0.0194 | Test Acc: 99.3800% | LR: 0.002500 | Time: 9.83s
decay | Epoch 26 | Train Loss: 0.0181 | Train Acc: 99.5083% | Test Loss: 0.0198 | Test Acc: 99.3300% | LR: 0.002500 | Time: 9.96s
decay | Epoch 27 | Train Loss: 0.0184 | Train Acc: 99.4700% | Test Loss: 0.0202 | Test Acc: 99.3500% | LR: 0.002500 | Time: 9.79s
decay | Epoch 28 | Train Loss: 0.0173 | Train Acc: 99.5433% | Test Loss: 0.0202 | Test Acc: 99.3200% | LR: 0.002500 | Time: 9.89s
decay | Epoch 29 | Train Loss: 0.0177 | Train Acc: 99.5317% | Test Loss: 0.0197 | Test Acc: 99.3800% | LR: 0.002500 | Time: 9.85s
decay | Epoch 30 | Train Loss: 0.0166 | Train Acc: 99.5383% | Test Loss: 0.0196 | Test Acc: 99.3600% | LR: 0.002500 | Time: 9.84s
Starting strategy: armijo
armijo | Epoch 1 | Train Loss: 0.1292 | Train Acc: 98.3800% | Test Loss: 0.0335 | Test Acc: 98.9000% | LR: 0.361466 | Time: 13.52s
armijo | Epoch 2 | Train Loss: 0.0600 | Train Acc: 99.2217% | Test Loss: 0.0271 | Test Acc: 99.0600% | LR: 0.161306 | Time: 13.51s
armijo | Epoch 3 | Train Loss: 0.0383 | Train Acc: 99.3333% | Test Loss: 0.0261 | Test Acc: 99.1900% | LR: 0.479587 | Time: 13.51s
armijo | Epoch 4 | Train Loss: 0.0387 | Train Acc: 99.5117% | Test Loss: 0.0221 | Test Acc: 99.2500% | LR: 0.552417 | Time: 13.52s
armijo | Epoch 5 | Train Loss: 0.0298 | Train Acc: 99.5883% | Test Loss: 0.0206 | Test Acc: 99.3100% | LR: 0.375733 | Time: 13.53s
armijo | Epoch 6 | Train Loss: 0.0235 | Train Acc: 99.6800% | Test Loss: 0.0219 | Test Acc: 99.3700% | LR: 0.432792 | Time: 13.51s
armijo | Epoch 7 | Train Loss: 0.0213 | Train Acc: 99.6900% | Test Loss: 0.0211 | Test Acc: 99.3800% | LR: 0.448665 | Time: 13.50s
armijo | Epoch 8 | Train Loss: 0.0195 | Train Acc: 99.7117% | Test Loss: 0.0184 | Test Acc: 99.4500% | LR: 0.418607 | Time: 13.50s
armijo | Epoch 9 | Train Loss: 0.0164 | Train Acc: 99.7933% | Test Loss: 0.0179 | Test Acc: 99.4500% | LR: 0.284721 | Time: 13.49s
armijo | Epoch 10 | Train Loss: 0.0135 | Train Acc: 99.8017% | Test Loss: 0.0194 | Test Acc: 99.4000% | LR: 0.364398 | Time: 13.49s
armijo | Epoch 11 | Train Loss: 0.0118 | Train Acc: 99.8317% | Test Loss: 0.0219 | Test Acc: 99.3100% | LR: 0.377763 | Time: 13.50s
armijo | Epoch 12 | Train Loss: 0.0109 | Train Acc: 99.8367% | Test Loss: 0.0196 | Test Acc: 99.3600% | LR: 0.256940 | Time: 13.51s
armijo | Epoch 13 | Train Loss: 0.0100 | Train Acc: 99.8383% | Test Loss: 0.0213 | Test Acc: 99.3600% | LR: 0.266363 | Time: 13.51s
armijo | Epoch 14 | Train Loss: 0.0079 | Train Acc: 99.8667% | Test Loss: 0.0217 | Test Acc: 99.4000% | LR: 0.201300 | Time: 13.46s
armijo | Epoch 15 | Train Loss: 0.0087 | Train Acc: 99.8483% | Test Loss: 0.0194 | Test Acc: 99.4800% | LR: 0.231869 | Time: 13.51s
armijo | Epoch 16 | Train Loss: 0.0061 | Train Acc: 99.8983% | Test Loss: 0.0203 | Test Acc: 99.5400% | LR: 0.240373 | Time: 13.48s
armijo | Epoch 17 | Train Loss: 0.0057 | Train Acc: 99.9150% | Test Loss: 0.0186 | Test Acc: 99.4400% | LR: 0.276876 | Time: 13.49s
armijo | Epoch 18 | Train Loss: 0.0050 | Train Acc: 99.9217% | Test Loss: 0.0193 | Test Acc: 99.4400% | LR: 0.232495 | Time: 13.45s
armijo | Epoch 19 | Train Loss: 0.0042 | Train Acc: 99.9167% | Test Loss: 0.0196 | Test Acc: 99.4300% | LR: 0.297557 | Time: 13.42s
armijo | Epoch 20 | Train Loss: 0.0047 | Train Acc: 99.9117% | Test Loss: 0.0203 | Test Acc: 99.4900% | LR: 0.182148 | Time: 13.43s
armijo | Epoch 21 | Train Loss: 0.0041 | Train Acc: 99.9233% | Test Loss: 0.0194 | Test Acc: 99.4900% | LR: 0.209810 | Time: 13.46s
armijo | Epoch 22 | Train Loss: 0.0046 | Train Acc: 99.9100% | Test Loss: 0.0196 | Test Acc: 99.5000% | LR: 0.217504 | Time: 13.49s
armijo | Epoch 23 | Train Loss: 0.0035 | Train Acc: 99.9150% | Test Loss: 0.0210 | Test Acc: 99.4400% | LR: 0.000000 | Time: 13.80s
armijo | Epoch 24 | Train Loss: 0.0030 | Train Acc: 99.8617% | Test Loss: 0.0207 | Test Acc: 99.4800% | LR: 0.000000 | Time: 13.42s
armijo | Epoch 25 | Train Loss: 0.0036 | Train Acc: 99.8783% | Test Loss: 0.0196 | Test Acc: 99.5200% | LR: 0.000000 | Time: 13.48s
armijo | Epoch 26 | Train Loss: 0.0033 | Train Acc: 99.9067% | Test Loss: 0.0200 | Test Acc: 99.5300% | LR: 0.000000 | Time: 13.48s
armijo | Epoch 27 | Train Loss: 0.0042 | Train Acc: 99.8850% | Test Loss: 0.0222 | Test Acc: 99.4400% | LR: 0.000000 | Time: 13.41s
armijo | Epoch 28 | Train Loss: 0.0030 | Train Acc: 99.8867% | Test Loss: 0.0203 | Test Acc: 99.5100% | LR: 0.000000 | Time: 13.47s
armijo | Epoch 29 | Train Loss: 0.0033 | Train Acc: 99.9067% | Test Loss: 0.0217 | Test Acc: 99.4400% | LR: 0.000000 | Time: 13.48s
armijo | Epoch 30 | Train Loss: 0.0040 | Train Acc: 99.8917% | Test Loss: 0.0216 | Test Acc: 99.4400% | LR: 0.000000 | Time: 13.45s
Plots generated for CNN
Results saved to: logs/mnist_full_experiment_1.json
Training completed successfully.
